2014-09-17 12:57:23 DEBUG DisSimEngine:137 - >> processEvent
2014-09-17 12:57:23 DEBUG DisSimEngine:162 - << processEvent
2014-09-17 12:57:23 DEBUG SenseSimJFXController:202 - >> processEvent
2014-09-17 12:57:23 DEBUG SenseSimJFXController:239 - << processEvent
2014-09-17 12:57:23 DEBUG NetworkManager:84 - >> processEvent
2014-09-17 12:57:23 DEBUG NetworkManager:92 - NODE_POSITION_CHANGED event
2014-09-17 12:57:23 DEBUG NetworkManager:100 - >> actualizeNaighbours
2014-09-17 12:57:23 DEBUG NetworkManager:109 - distance = 91.48724988517304 radio range: 90.0
2014-09-17 12:57:23 DEBUG NetworkManager:109 - distance = 46.92170621696275 radio range: 90.0
2014-09-17 12:57:23 DEBUG NetworkManager:109 - distance = 6.814559034221772 radio range: 90.0
2014-09-17 12:57:23 DEBUG NetworkManager:135 - << actualizeNaighbours
2014-09-17 12:57:23 DEBUG NetworkManager:96 - << processEvent
2014-09-17 12:57:23 DEBUG EndMoveActivity:33 - << move node: 4
2014-09-17 12:57:23 DEBUG EndMoveActivity:28 - >> move node: 4
2014-09-17 12:57:23 DEBUG GeoRouteMovementAlgorithm:36 - distance to checkpoint: 15.021692443307005
2014-09-17 12:57:23 DEBUG GeoRouteMovementAlgorithm:62 - newPosition: [Latitude: 52.23092095232054 ; Longitude: 21.004727858163275]
2014-09-17 12:57:23 DEBUG EndMoveActivity:30 - moveing from position [Latitude: 52.23091795338007 ; Longitude: 21.00474168355797] to [Latitude: 52.23092095232054 ; Longitude: 21.004727858163275] 
2014-09-17 12:57:23 DEBUG DisSimEngine:137 - >> processEvent
2014-09-17 12:57:23 DEBUG DisSimEngine:162 - << processEvent
2014-09-17 12:57:23 DEBUG SenseSimJFXController:202 - >> processEvent
2014-09-17 12:57:23 DEBUG SenseSimJFXController:239 - << processEvent
2014-09-17 12:57:23 DEBUG NetworkManager:84 - >> processEvent
2014-09-17 12:57:23 DEBUG NetworkManager:92 - NODE_POSITION_CHANGED event
2014-09-17 12:57:23 DEBUG NetworkManager:100 - >> actualizeNaighbours
2014-09-17 12:57:23 DEBUG NetworkManager:109 - distance = 90.53319338838787 radio range: 90.0
2014-09-17 12:57:23 DEBUG NetworkManager:109 - distance = 46.58252838301453 radio range: 90.0
2014-09-17 12:57:23 DEBUG NetworkManager:109 - distance = 5.949030178741874 radio range: 90.0
2014-09-17 12:57:23 DEBUG NetworkManager:135 - << actualizeNaighbours
2014-09-17 12:57:23 DEBUG NetworkManager:96 - << processEvent
2014-09-17 12:57:23 DEBUG EndMoveActivity:33 - << move node: 4
2014-09-17 12:57:23 DEBUG EndMoveActivity:28 - >> move node: 2
2014-09-17 12:57:23 DEBUG GeoRouteMovementAlgorithm:36 - distance to checkpoint: 54.308796676422546
2014-09-17 12:57:23 DEBUG GeoRouteMovementAlgorithm:62 - newPosition: [Latitude: 52.23134796108549 ; Longitude: 21.00473540339658]
2014-09-17 12:57:23 DEBUG EndMoveActivity:30 - moveing from position [Latitude: 52.231339406394696 ; Longitude: 21.00473092774657] to [Latitude: 52.23134796108549 ; Longitude: 21.00473540339658] 
2014-09-17 12:57:23 DEBUG DisSimEngine:137 - >> processEvent
2014-09-17 12:57:23 DEBUG DisSimEngine:162 - << processEvent
2014-09-17 12:57:23 DEBUG SenseSimJFXController:202 - >> processEvent
2014-09-17 12:57:23 DEBUG SenseSimJFXController:239 - << processEvent
2014-09-17 12:57:23 DEBUG NetworkManager:84 - >> processEvent
2014-09-17 12:57:23 DEBUG NetworkManager:92 - NODE_POSITION_CHANGED event
2014-09-17 12:57:23 DEBUG NetworkManager:100 - >> actualizeNaighbours
2014-09-17 12:57:23 DEBUG NetworkManager:109 - distance = 73.1218096205401 radio range: 90.0
2014-09-17 12:57:23 DEBUG NetworkManager:109 - distance = 43.057642665484906 radio range: 90.0
2014-09-17 12:57:23 DEBUG NetworkManager:109 - distance = 47.53716812946589 radio range: 90.0
2014-09-17 12:57:23 DEBUG NetworkManager:135 - << actualizeNaighbours
2014-09-17 12:57:23 DEBUG NetworkManager:96 - << processEvent
2014-09-17 12:57:23 DEBUG EndMoveActivity:33 - << move node: 2
2014-09-17 12:57:23 DEBUG EndMoveActivity:28 - >> move node: 3
2014-09-17 12:57:23 DEBUG GeoRouteMovementAlgorithm:36 - distance to checkpoint: 0.0
2014-09-17 12:57:23 DEBUG GeoRouteMovementAlgorithm:24 - checkpointAchieved: 0
2014-09-17 12:57:23 DEBUG GeoRouteMovementAlgorithm:50 - >> calculateBearing(currentPosition: [Latitude: 52.230963 ; Longitude: 21.004673999999998], nextCheckpoint: [Latitude: 52.230963 ; Longitude: 21.004674])
2014-09-17 12:57:23 DEBUG GeoRouteMovementAlgorithm:52 - new bearing: 90.0
2014-09-17 12:57:23 DEBUG GeoRouteMovementAlgorithm:53 - << calculateBearing
2014-09-17 12:57:23 DEBUG GeoRouteMovementAlgorithm:62 - newPosition: [Latitude: 52.230963 ; Longitude: 21.004673999999998]
2014-09-17 12:57:23 DEBUG EndMoveActivity:30 - moveing from position [Latitude: 52.230963 ; Longitude: 21.004673999999998] to [Latitude: 52.230963 ; Longitude: 21.004673999999998] 
2014-09-17 12:57:23 DEBUG DisSimEngine:137 - >> processEvent
2014-09-17 12:57:23 DEBUG DisSimEngine:162 - << processEvent
2014-09-17 12:57:23 DEBUG SenseSimJFXController:202 - >> processEvent
2014-09-17 12:57:23 DEBUG SenseSimJFXController:239 - << processEvent
2014-09-17 12:57:23 DEBUG NetworkManager:84 - >> processEvent
2014-09-17 12:57:23 DEBUG NetworkManager:92 - NODE_POSITION_CHANGED event
2014-09-17 12:57:23 DEBUG NetworkManager:100 - >> actualizeNaighbours
2014-09-17 12:57:23 DEBUG NetworkManager:109 - distance = 84.79643278198483 radio range: 50.0
2014-09-17 12:57:23 DEBUG NetworkManager:109 - distance = 43.057642665484906 radio range: 50.0
2014-09-17 12:57:23 DEBUG NetworkManager:109 - distance = 5.949030178741874 radio range: 50.0
2014-09-17 12:57:23 DEBUG NetworkManager:135 - << actualizeNaighbours
2014-09-17 12:57:23 DEBUG NetworkManager:96 - << processEvent
2014-09-17 12:57:23 DEBUG EndMoveActivity:33 - << move node: 3
2014-09-17 12:57:23 DEBUG EndMoveActivity:28 - >> move node: 1
2014-09-17 12:57:23 DEBUG GeoRouteMovementAlgorithm:36 - distance to checkpoint: 187.01622017423927
2014-09-17 12:57:23 DEBUG GeoRouteMovementAlgorithm:62 - newPosition: [Latitude: 52.231406586901706 ; Longitude: 21.003670583513365]
2014-09-17 12:57:23 DEBUG EndMoveActivity:30 - moveing from position [Latitude: 52.23141075163722 ; Longitude: 21.003667837218735] to [Latitude: 52.231406586901706 ; Longitude: 21.003670583513365] 
2014-09-17 12:57:23 DEBUG DisSimEngine:137 - >> processEvent
2014-09-17 12:57:23 DEBUG DisSimEngine:162 - << processEvent
2014-09-17 12:57:23 DEBUG SenseSimJFXController:202 - >> processEvent
2014-09-17 12:57:23 DEBUG SenseSimJFXController:239 - << processEvent
2014-09-17 12:57:23 DEBUG NetworkManager:84 - >> processEvent
2014-09-17 12:57:23 DEBUG NetworkManager:92 - NODE_POSITION_CHANGED event
2014-09-17 12:57:23 DEBUG NetworkManager:100 - >> actualizeNaighbours
2014-09-17 12:57:23 DEBUG NetworkManager:109 - distance = 72.89254461222612 radio range: 90.0
2014-09-17 12:57:23 DEBUG NetworkManager:109 - distance = 84.37289809289784 radio range: 90.0
2014-09-17 12:57:23 DEBUG NetworkManager:109 - distance = 90.10489548351079 radio range: 90.0
2014-09-17 12:57:23 DEBUG NetworkManager:135 - << actualizeNaighbours
2014-09-17 12:57:23 DEBUG NetworkManager:96 - << processEvent
2014-09-17 12:57:23 DEBUG EndMoveActivity:33 - << move node: 1
2014-09-17 12:57:24 DEBUG EndMoveActivity:28 - >> move node: 1
2014-09-17 12:57:24 DEBUG GeoRouteMovementAlgorithm:36 - distance to checkpoint: 186.5162004479512
2014-09-17 12:57:24 DEBUG GeoRouteMovementAlgorithm:62 - newPosition: [Latitude: 52.23140242216619 ; Longitude: 21.003673329807736]
2014-09-17 12:57:24 DEBUG EndMoveActivity:30 - moveing from position [Latitude: 52.231406586901706 ; Longitude: 21.003670583513365] to [Latitude: 52.23140242216619 ; Longitude: 21.003673329807736] 
2014-09-17 12:57:24 DEBUG DisSimEngine:137 - >> processEvent
2014-09-17 12:57:24 DEBUG DisSimEngine:162 - << processEvent
2014-09-17 12:57:24 DEBUG SenseSimJFXController:202 - >> processEvent
2014-09-17 12:57:24 DEBUG SenseSimJFXController:239 - << processEvent
2014-09-17 12:57:24 DEBUG NetworkManager:84 - >> processEvent
2014-09-17 12:57:24 DEBUG NetworkManager:92 - NODE_POSITION_CHANGED event
2014-09-17 12:57:24 DEBUG NetworkManager:100 - >> actualizeNaighbours
2014-09-17 12:57:24 DEBUG NetworkManager:109 - distance = 72.66591260904808 radio range: 90.0
2014-09-17 12:57:24 DEBUG NetworkManager:109 - distance = 83.95018560403392 radio range: 90.0
2014-09-17 12:57:24 DEBUG NetworkManager:109 - distance = 89.67732202403202 radio range: 90.0
2014-09-17 12:57:24 DEBUG NetworkManager:113 - adding edge: [1;4]
2014-09-17 12:57:24 DEBUG NetworkManager:135 - << actualizeNaighbours
2014-09-17 12:57:24 DEBUG NetworkManager:96 - << processEvent
2014-09-17 12:57:24 DEBUG DisSimEngine:137 - >> processEvent
2014-09-17 12:57:24 DEBUG DisSimEngine:162 - << processEvent
2014-09-17 12:57:24 DEBUG SenseSimJFXController:202 - >> processEvent
2014-09-17 12:57:24 DEBUG SenseSimJFXController:216 - EDGE_ADDED event
2014-09-17 12:57:24 DEBUG SenseSimJFXController:239 - << processEvent
2014-09-17 12:57:24 DEBUG NetworkManager:84 - >> processEvent
2014-09-17 12:57:24 DEBUG NetworkManager:96 - << processEvent
2014-09-17 12:57:24 DEBUG EndMoveActivity:33 - << move node: 1
2014-09-17 12:57:24 DEBUG EndMoveActivity:28 - >> move node: 3
2014-09-17 12:57:24 DEBUG GeoRouteMovementAlgorithm:36 - distance to checkpoint: 0.0
2014-09-17 12:57:24 DEBUG GeoRouteMovementAlgorithm:24 - checkpointAchieved: 0
2014-09-17 12:57:24 DEBUG GeoRouteMovementAlgorithm:50 - >> calculateBearing(currentPosition: [Latitude: 52.230963 ; Longitude: 21.004673999999998], nextCheckpoint: [Latitude: 52.230963 ; Longitude: 21.004674])
2014-09-17 12:57:24 DEBUG GeoRouteMovementAlgorithm:52 - new bearing: 90.0
2014-09-17 12:57:24 DEBUG GeoRouteMovementAlgorithm:53 - << calculateBearing
2014-09-17 12:57:24 DEBUG GeoRouteMovementAlgorithm:62 - newPosition: [Latitude: 52.230963 ; Longitude: 21.004673999999998]
2014-09-17 12:57:24 DEBUG EndMoveActivity:30 - moveing from position [Latitude: 52.230963 ; Longitude: 21.004673999999998] to [Latitude: 52.230963 ; Longitude: 21.004673999999998] 
2014-09-17 12:57:24 DEBUG DisSimEngine:137 - >> processEvent
2014-09-17 12:57:24 DEBUG DisSimEngine:162 - << processEvent
2014-09-17 12:57:24 DEBUG SenseSimJFXController:202 - >> processEvent
2014-09-17 12:57:24 DEBUG SenseSimJFXController:239 - << processEvent
2014-09-17 12:57:24 DEBUG NetworkManager:84 - >> processEvent
2014-09-17 12:57:24 DEBUG NetworkManager:92 - NODE_POSITION_CHANGED event
2014-09-17 12:57:24 DEBUG NetworkManager:100 - >> actualizeNaighbours
2014-09-17 12:57:24 DEBUG NetworkManager:109 - distance = 83.95018560403392 radio range: 50.0
2014-09-17 12:57:24 DEBUG NetworkManager:109 - distance = 43.057642665484906 radio range: 50.0
2014-09-17 12:57:24 DEBUG NetworkManager:109 - distance = 5.949030178741874 radio range: 50.0
2014-09-17 12:57:24 DEBUG NetworkManager:135 - << actualizeNaighbours
2014-09-17 12:57:24 DEBUG NetworkManager:96 - << processEvent
2014-09-17 12:57:24 DEBUG EndMoveActivity:33 - << move node: 3
2014-09-17 12:57:24 DEBUG EndMoveActivity:28 - >> move node: 2
2014-09-17 12:57:24 DEBUG GeoRouteMovementAlgorithm:36 - distance to checkpoint: 53.308791487650915
2014-09-17 12:57:24 DEBUG GeoRouteMovementAlgorithm:62 - newPosition: [Latitude: 52.231356515776284 ; Longitude: 21.004739879047452]
2014-09-17 12:57:24 DEBUG EndMoveActivity:30 - moveing from position [Latitude: 52.23134796108549 ; Longitude: 21.00473540339658] to [Latitude: 52.231356515776284 ; Longitude: 21.004739879047452] 
2014-09-17 12:57:24 DEBUG DisSimEngine:137 - >> processEvent
2014-09-17 12:57:24 DEBUG DisSimEngine:162 - << processEvent
2014-09-17 12:57:24 DEBUG SenseSimJFXController:202 - >> processEvent
2014-09-17 12:57:24 DEBUG SenseSimJFXController:239 - << processEvent
2014-09-17 12:57:24 DEBUG NetworkManager:84 - >> processEvent
2014-09-17 12:57:24 DEBUG NetworkManager:92 - NODE_POSITION_CHANGED event
2014-09-17 12:57:24 DEBUG NetworkManager:100 - >> actualizeNaighbours
2014-09-17 12:57:24 DEBUG NetworkManager:109 - distance = 72.89706758727387 radio range: 90.0
2014-09-17 12:57:24 DEBUG NetworkManager:109 - distance = 44.03557590485783 radio range: 90.0
2014-09-17 12:57:24 DEBUG NetworkManager:109 - distance = 48.49359783670429 radio range: 90.0
2014-09-17 12:57:24 DEBUG NetworkManager:135 - << actualizeNaighbours
2014-09-17 12:57:24 DEBUG NetworkManager:96 - << processEvent
2014-09-17 12:57:24 DEBUG EndMoveActivity:33 - << move node: 2
2014-09-17 12:57:24 DEBUG EndMoveActivity:28 - >> move node: 4
2014-09-17 12:57:24 DEBUG GeoRouteMovementAlgorithm:36 - distance to checkpoint: 14.021783869279359
2014-09-17 12:57:24 DEBUG GeoRouteMovementAlgorithm:62 - newPosition: [Latitude: 52.23092395126099 ; Longitude: 21.004714032767644]
2014-09-17 12:57:24 DEBUG EndMoveActivity:30 - moveing from position [Latitude: 52.23092095232054 ; Longitude: 21.004727858163275] to [Latitude: 52.23092395126099 ; Longitude: 21.004714032767644] 
2014-09-17 12:57:24 DEBUG DisSimEngine:137 - >> processEvent
2014-09-17 12:57:24 DEBUG DisSimEngine:162 - << processEvent
2014-09-17 12:57:24 DEBUG SenseSimJFXController:202 - >> processEvent
2014-09-17 12:57:24 DEBUG SenseSimJFXController:239 - << processEvent
2014-09-17 12:57:24 DEBUG NetworkManager:84 - >> processEvent
2014-09-17 12:57:24 DEBUG NetworkManager:92 - NODE_POSITION_CHANGED event
2014-09-17 12:57:24 DEBUG NetworkManager:100 - >> actualizeNaighbours
2014-09-17 12:57:24 DEBUG NetworkManager:109 - distance = 88.72258700296915 radio range: 90.0
2014-09-17 12:57:24 DEBUG NetworkManager:109 - distance = 48.18508427489014 radio range: 90.0
2014-09-17 12:57:24 DEBUG NetworkManager:109 - distance = 5.13224896788611 radio range: 90.0
2014-09-17 12:57:24 DEBUG NetworkManager:135 - << actualizeNaighbours
2014-09-17 12:57:24 DEBUG NetworkManager:96 - << processEvent
2014-09-17 12:57:24 DEBUG EndMoveActivity:33 - << move node: 4
2014-09-17 12:57:24 DEBUG EndMoveActivity:28 - >> move node: 4
2014-09-17 12:57:24 DEBUG GeoRouteMovementAlgorithm:36 - distance to checkpoint: 13.02174627522597
2014-09-17 12:57:24 DEBUG GeoRouteMovementAlgorithm:62 - newPosition: [Latitude: 52.23092695020146 ; Longitude: 21.00470020737108]
2014-09-17 12:57:24 DEBUG EndMoveActivity:30 - moveing from position [Latitude: 52.23092395126099 ; Longitude: 21.004714032767644] to [Latitude: 52.23092695020146 ; Longitude: 21.00470020737108] 
2014-09-17 12:57:24 DEBUG DisSimEngine:137 - >> processEvent
2014-09-17 12:57:24 DEBUG DisSimEngine:162 - << processEvent
2014-09-17 12:57:24 DEBUG SenseSimJFXController:202 - >> processEvent
2014-09-17 12:57:24 DEBUG SenseSimJFXController:239 - << processEvent
2014-09-17 12:57:24 DEBUG NetworkManager:84 - >> processEvent
2014-09-17 12:57:24 DEBUG NetworkManager:92 - NODE_POSITION_CHANGED event
2014-09-17 12:57:24 DEBUG NetworkManager:100 - >> actualizeNaighbours
2014-09-17 12:57:24 DEBUG NetworkManager:109 - distance = 87.76878741811599 radio range: 90.0
2014-09-17 12:57:24 DEBUG NetworkManager:109 - distance = 47.89552138861637 radio range: 90.0
2014-09-17 12:57:24 DEBUG NetworkManager:109 - distance = 4.3925284231319885 radio range: 90.0
2014-09-17 12:57:24 DEBUG NetworkManager:135 - << actualizeNaighbours
2014-09-17 12:57:24 DEBUG NetworkManager:96 - << processEvent
2014-09-17 12:57:24 DEBUG EndMoveActivity:33 - << move node: 4
2014-09-17 12:57:24 DEBUG EndMoveActivity:28 - >> move node: 2
2014-09-17 12:57:24 DEBUG GeoRouteMovementAlgorithm:36 - distance to checkpoint: 52.308836828834366
2014-09-17 12:57:24 DEBUG GeoRouteMovementAlgorithm:62 - newPosition: [Latitude: 52.231365070467064 ; Longitude: 21.004744354699184]
2014-09-17 12:57:24 DEBUG EndMoveActivity:30 - moveing from position [Latitude: 52.231356515776284 ; Longitude: 21.004739879047452] to [Latitude: 52.231365070467064 ; Longitude: 21.004744354699184] 
2014-09-17 12:57:24 DEBUG DisSimEngine:137 - >> processEvent
2014-09-17 12:57:24 DEBUG DisSimEngine:162 - << processEvent
2014-09-17 12:57:24 DEBUG SenseSimJFXController:202 - >> processEvent
2014-09-17 12:57:24 DEBUG SenseSimJFXController:239 - << processEvent
2014-09-17 12:57:24 DEBUG NetworkManager:84 - >> processEvent
2014-09-17 12:57:24 DEBUG NetworkManager:92 - NODE_POSITION_CHANGED event
2014-09-17 12:57:24 DEBUG NetworkManager:100 - >> actualizeNaighbours
2014-09-17 12:57:24 DEBUG NetworkManager:109 - distance = 73.14113989066266 radio range: 90.0
2014-09-17 12:57:24 DEBUG NetworkManager:109 - distance = 45.01453771522394 radio range: 90.0
2014-09-17 12:57:24 DEBUG NetworkManager:109 - distance = 48.86416368606378 radio range: 90.0
2014-09-17 12:57:24 DEBUG NetworkManager:135 - << actualizeNaighbours
2014-09-17 12:57:24 DEBUG NetworkManager:96 - << processEvent
2014-09-17 12:57:24 DEBUG EndMoveActivity:33 - << move node: 2
2014-09-17 12:57:24 DEBUG EndMoveActivity:28 - >> move node: 3
2014-09-17 12:57:24 DEBUG GeoRouteMovementAlgorithm:36 - distance to checkpoint: 0.0
2014-09-17 12:57:24 DEBUG GeoRouteMovementAlgorithm:24 - checkpointAchieved: 0
2014-09-17 12:57:24 DEBUG GeoRouteMovementAlgorithm:50 - >> calculateBearing(currentPosition: [Latitude: 52.230963 ; Longitude: 21.004673999999998], nextCheckpoint: [Latitude: 52.230963 ; Longitude: 21.004674])
2014-09-17 12:57:24 DEBUG GeoRouteMovementAlgorithm:52 - new bearing: 90.0
2014-09-17 12:57:24 DEBUG GeoRouteMovementAlgorithm:53 - << calculateBearing
2014-09-17 12:57:24 DEBUG GeoRouteMovementAlgorithm:62 - newPosition: [Latitude: 52.230963 ; Longitude: 21.004673999999998]
2014-09-17 12:57:24 DEBUG EndMoveActivity:30 - moveing from position [Latitude: 52.230963 ; Longitude: 21.004673999999998] to [Latitude: 52.230963 ; Longitude: 21.004673999999998] 
2014-09-17 12:57:24 DEBUG DisSimEngine:137 - >> processEvent
2014-09-17 12:57:24 DEBUG DisSimEngine:162 - << processEvent
2014-09-17 12:57:24 DEBUG SenseSimJFXController:202 - >> processEvent
2014-09-17 12:57:24 DEBUG SenseSimJFXController:239 - << processEvent
2014-09-17 12:57:24 DEBUG NetworkManager:84 - >> processEvent
2014-09-17 12:57:24 DEBUG NetworkManager:92 - NODE_POSITION_CHANGED event
2014-09-17 12:57:24 DEBUG NetworkManager:100 - >> actualizeNaighbours
2014-09-17 12:57:24 DEBUG NetworkManager:109 - distance = 83.95018560403392 radio range: 50.0
2014-09-17 12:57:24 DEBUG NetworkManager:109 - distance = 45.01453771522394 radio range: 50.0
2014-09-17 12:57:24 DEBUG NetworkManager:109 - distance = 4.3925284231319885 radio range: 50.0
2014-09-17 12:57:24 DEBUG NetworkManager:135 - << actualizeNaighbours
2014-09-17 12:57:24 DEBUG NetworkManager:96 - << processEvent
2014-09-17 12:57:24 DEBUG EndMoveActivity:33 - << move node: 3
2014-09-17 12:57:24 DEBUG EndMoveActivity:28 - >> move node: 1
2014-09-17 12:57:24 DEBUG GeoRouteMovementAlgorithm:36 - distance to checkpoint: 186.0161963218483
2014-09-17 12:57:24 DEBUG GeoRouteMovementAlgorithm:62 - newPosition: [Latitude: 52.231398257430676 ; Longitude: 21.003676076101847]
2014-09-17 12:57:24 DEBUG EndMoveActivity:30 - moveing from position [Latitude: 52.23140242216619 ; Longitude: 21.003673329807736] to [Latitude: 52.231398257430676 ; Longitude: 21.003676076101847] 
2014-09-17 12:57:24 DEBUG DisSimEngine:137 - >> processEvent
2014-09-17 12:57:24 DEBUG DisSimEngine:162 - << processEvent
2014-09-17 12:57:24 DEBUG SenseSimJFXController:202 - >> processEvent
2014-09-17 12:57:24 DEBUG SenseSimJFXController:239 - << processEvent
2014-09-17 12:57:24 DEBUG NetworkManager:84 - >> processEvent
2014-09-17 12:57:24 DEBUG NetworkManager:92 - NODE_POSITION_CHANGED event
2014-09-17 12:57:24 DEBUG NetworkManager:100 - >> actualizeNaighbours
2014-09-17 12:57:24 DEBUG NetworkManager:109 - distance = 72.92921599461451 radio range: 90.0
2014-09-17 12:57:24 DEBUG NetworkManager:109 - distance = 83.5283618691047 radio range: 90.0
2014-09-17 12:57:24 DEBUG NetworkManager:109 - distance = 87.34022320178507 radio range: 90.0
2014-09-17 12:57:24 DEBUG NetworkManager:135 - << actualizeNaighbours
2014-09-17 12:57:24 DEBUG NetworkManager:96 - << processEvent
2014-09-17 12:57:24 DEBUG EndMoveActivity:33 - << move node: 1
2014-09-17 12:57:25 DEBUG EndMoveActivity:28 - >> move node: 1
2014-09-17 12:57:25 DEBUG GeoRouteMovementAlgorithm:36 - distance to checkpoint: 185.51623226741802
2014-09-17 12:57:25 DEBUG GeoRouteMovementAlgorithm:62 - newPosition: [Latitude: 52.231394092695155 ; Longitude: 21.003678822395702]
2014-09-17 12:57:25 DEBUG EndMoveActivity:30 - moveing from position [Latitude: 52.231398257430676 ; Longitude: 21.003676076101847] to [Latitude: 52.231394092695155 ; Longitude: 21.003678822395702] 
2014-09-17 12:57:25 DEBUG DisSimEngine:137 - >> processEvent
2014-09-17 12:57:25 DEBUG DisSimEngine:162 - << processEvent
2014-09-17 12:57:25 DEBUG SenseSimJFXController:202 - >> processEvent
2014-09-17 12:57:25 DEBUG SenseSimJFXController:239 - << processEvent
2014-09-17 12:57:25 DEBUG NetworkManager:84 - >> processEvent
2014-09-17 12:57:25 DEBUG NetworkManager:92 - NODE_POSITION_CHANGED event
2014-09-17 12:57:25 DEBUG NetworkManager:100 - >> actualizeNaighbours
2014-09-17 12:57:25 DEBUG NetworkManager:109 - distance = 72.72021467800187 radio range: 90.0
2014-09-17 12:57:25 DEBUG NetworkManager:109 - distance = 83.1072773865399 radio range: 90.0
2014-09-17 12:57:25 DEBUG NetworkManager:109 - distance = 86.91235188640584 radio range: 90.0
2014-09-17 12:57:25 DEBUG NetworkManager:135 - << actualizeNaighbours
2014-09-17 12:57:25 DEBUG NetworkManager:96 - << processEvent
2014-09-17 12:57:25 DEBUG EndMoveActivity:33 - << move node: 1
2014-09-17 12:57:25 DEBUG EndMoveActivity:28 - >> move node: 3
2014-09-17 12:57:25 DEBUG GeoRouteMovementAlgorithm:36 - distance to checkpoint: 0.0
2014-09-17 12:57:25 DEBUG GeoRouteMovementAlgorithm:24 - checkpointAchieved: 0
2014-09-17 12:57:25 DEBUG GeoRouteMovementAlgorithm:50 - >> calculateBearing(currentPosition: [Latitude: 52.230963 ; Longitude: 21.004673999999998], nextCheckpoint: [Latitude: 52.230963 ; Longitude: 21.004674])
2014-09-17 12:57:25 DEBUG GeoRouteMovementAlgorithm:52 - new bearing: 90.0
2014-09-17 12:57:25 DEBUG GeoRouteMovementAlgorithm:53 - << calculateBearing
2014-09-17 12:57:25 DEBUG GeoRouteMovementAlgorithm:62 - newPosition: [Latitude: 52.230963 ; Longitude: 21.004673999999998]
2014-09-17 12:57:25 DEBUG EndMoveActivity:30 - moveing from position [Latitude: 52.230963 ; Longitude: 21.004673999999998] to [Latitude: 52.230963 ; Longitude: 21.004673999999998] 
2014-09-17 12:57:25 DEBUG DisSimEngine:137 - >> processEvent
2014-09-17 12:57:25 DEBUG DisSimEngine:162 - << processEvent
2014-09-17 12:57:25 DEBUG SenseSimJFXController:202 - >> processEvent
2014-09-17 12:57:25 DEBUG SenseSimJFXController:239 - << processEvent
2014-09-17 12:57:25 DEBUG NetworkManager:84 - >> processEvent
2014-09-17 12:57:25 DEBUG NetworkManager:92 - NODE_POSITION_CHANGED event
2014-09-17 12:57:25 DEBUG NetworkManager:100 - >> actualizeNaighbours
2014-09-17 12:57:25 DEBUG NetworkManager:109 - distance = 83.1072773865399 radio range: 50.0
2014-09-17 12:57:25 DEBUG NetworkManager:109 - distance = 45.01453771522394 radio range: 50.0
2014-09-17 12:57:25 DEBUG NetworkManager:109 - distance = 4.3925284231319885 radio range: 50.0
2014-09-17 12:57:25 DEBUG NetworkManager:135 - << actualizeNaighbours
2014-09-17 12:57:25 DEBUG NetworkManager:96 - << processEvent
2014-09-17 12:57:25 DEBUG EndMoveActivity:33 - << move node: 3
2014-09-17 12:57:25 DEBUG EndMoveActivity:28 - >> move node: 2
2014-09-17 12:57:25 DEBUG GeoRouteMovementAlgorithm:36 - distance to checkpoint: 51.308759604445605
2014-09-17 12:57:25 DEBUG GeoRouteMovementAlgorithm:62 - newPosition: [Latitude: 52.23137362515785 ; Longitude: 21.004748830351783]
2014-09-17 12:57:25 DEBUG EndMoveActivity:30 - moveing from position [Latitude: 52.231365070467064 ; Longitude: 21.004744354699184] to [Latitude: 52.23137362515785 ; Longitude: 21.004748830351783] 
2014-09-17 12:57:25 DEBUG DisSimEngine:137 - >> processEvent
2014-09-17 12:57:25 DEBUG DisSimEngine:162 - << processEvent
2014-09-17 12:57:25 DEBUG SenseSimJFXController:202 - >> processEvent
2014-09-17 12:57:25 DEBUG SenseSimJFXController:239 - << processEvent
2014-09-17 12:57:25 DEBUG NetworkManager:84 - >> processEvent
2014-09-17 12:57:25 DEBUG NetworkManager:92 - NODE_POSITION_CHANGED event
2014-09-17 12:57:25 DEBUG NetworkManager:100 - >> actualizeNaighbours
2014-09-17 12:57:25 DEBUG NetworkManager:109 - distance = 72.98907708809313 radio range: 90.0
2014-09-17 12:57:25 DEBUG NetworkManager:109 - distance = 45.994462419263655 radio range: 90.0
2014-09-17 12:57:25 DEBUG NetworkManager:109 - distance = 49.834097999947645 radio range: 90.0
2014-09-17 12:57:25 DEBUG NetworkManager:135 - << actualizeNaighbours
2014-09-17 12:57:25 DEBUG NetworkManager:96 - << processEvent
2014-09-17 12:57:25 DEBUG EndMoveActivity:33 - << move node: 2
2014-09-17 12:57:25 DEBUG EndMoveActivity:28 - >> move node: 4
2014-09-17 12:57:25 DEBUG GeoRouteMovementAlgorithm:36 - distance to checkpoint: 12.021923153755875
2014-09-17 12:57:25 DEBUG GeoRouteMovementAlgorithm:62 - newPosition: [Latitude: 52.230929949141924 ; Longitude: 21.00468638197358]
2014-09-17 12:57:25 DEBUG EndMoveActivity:30 - moveing from position [Latitude: 52.23092695020146 ; Longitude: 21.00470020737108] to [Latitude: 52.230929949141924 ; Longitude: 21.00468638197358] 
2014-09-17 12:57:25 DEBUG DisSimEngine:137 - >> processEvent
2014-09-17 12:57:25 DEBUG DisSimEngine:162 - << processEvent
2014-09-17 12:57:25 DEBUG SenseSimJFXController:202 - >> processEvent
2014-09-17 12:57:25 DEBUG SenseSimJFXController:239 - << processEvent
2014-09-17 12:57:25 DEBUG NetworkManager:84 - >> processEvent
2014-09-17 12:57:25 DEBUG NetworkManager:92 - NODE_POSITION_CHANGED event
2014-09-17 12:57:25 DEBUG NetworkManager:100 - >> actualizeNaighbours
2014-09-17 12:57:25 DEBUG NetworkManager:109 - distance = 85.9579064963691 radio range: 90.0
2014-09-17 12:57:25 DEBUG NetworkManager:109 - distance = 49.57294349158705 radio range: 90.0
2014-09-17 12:57:25 DEBUG NetworkManager:109 - distance = 3.7742425189400346 radio range: 90.0
2014-09-17 12:57:25 DEBUG NetworkManager:135 - << actualizeNaighbours
2014-09-17 12:57:25 DEBUG NetworkManager:96 - << processEvent
2014-09-17 12:57:25 DEBUG EndMoveActivity:33 - << move node: 4
2014-09-17 12:57:25 DEBUG EndMoveActivity:28 - >> move node: 4
2014-09-17 12:57:25 DEBUG GeoRouteMovementAlgorithm:36 - distance to checkpoint: 11.021553330751225
2014-09-17 12:57:25 DEBUG GeoRouteMovementAlgorithm:62 - newPosition: [Latitude: 52.23093294808239 ; Longitude: 21.004672556575148]
2014-09-17 12:57:25 DEBUG EndMoveActivity:30 - moveing from position [Latitude: 52.230929949141924 ; Longitude: 21.00468638197358] to [Latitude: 52.23093294808239 ; Longitude: 21.004672556575148] 
2014-09-17 12:57:25 DEBUG DisSimEngine:137 - >> processEvent
2014-09-17 12:57:25 DEBUG DisSimEngine:162 - << processEvent
2014-09-17 12:57:25 DEBUG SenseSimJFXController:202 - >> processEvent
2014-09-17 12:57:25 DEBUG SenseSimJFXController:239 - << processEvent
2014-09-17 12:57:25 DEBUG NetworkManager:84 - >> processEvent
2014-09-17 12:57:25 DEBUG NetworkManager:92 - NODE_POSITION_CHANGED event
2014-09-17 12:57:25 DEBUG NetworkManager:100 - >> actualizeNaighbours
2014-09-17 12:57:25 DEBUG NetworkManager:109 - distance = 85.00438033645894 radio range: 90.0
2014-09-17 12:57:25 DEBUG NetworkManager:109 - distance = 49.33091831985503 radio range: 90.0
2014-09-17 12:57:25 DEBUG NetworkManager:109 - distance = 3.346761765407696 radio range: 90.0
2014-09-17 12:57:25 DEBUG NetworkManager:135 - << actualizeNaighbours
2014-09-17 12:57:25 DEBUG NetworkManager:96 - << processEvent
2014-09-17 12:57:25 DEBUG EndMoveActivity:33 - << move node: 4
2014-09-17 12:57:25 DEBUG EndMoveActivity:28 - >> move node: 2
2014-09-17 12:57:25 DEBUG GeoRouteMovementAlgorithm:36 - distance to checkpoint: 50.30882182979107
2014-09-17 12:57:25 DEBUG GeoRouteMovementAlgorithm:62 - newPosition: [Latitude: 52.23138217984864 ; Longitude: 21.004753306005245]
2014-09-17 12:57:25 DEBUG EndMoveActivity:30 - moveing from position [Latitude: 52.23137362515785 ; Longitude: 21.004748830351783] to [Latitude: 52.23138217984864 ; Longitude: 21.004753306005245] 
2014-09-17 12:57:25 DEBUG DisSimEngine:137 - >> processEvent
2014-09-17 12:57:25 DEBUG DisSimEngine:162 - << processEvent
2014-09-17 12:57:25 DEBUG SenseSimJFXController:202 - >> processEvent
2014-09-17 12:57:25 DEBUG SenseSimJFXController:239 - << processEvent
2014-09-17 12:57:25 DEBUG NetworkManager:84 - >> processEvent
2014-09-17 12:57:25 DEBUG NetworkManager:92 - NODE_POSITION_CHANGED event
2014-09-17 12:57:25 DEBUG NetworkManager:100 - >> actualizeNaighbours
2014-09-17 12:57:25 DEBUG NetworkManager:109 - distance = 73.27063827077967 radio range: 90.0
2014-09-17 12:57:25 DEBUG NetworkManager:109 - distance = 46.97509746672352 radio range: 90.0
2014-09-17 12:57:25 DEBUG NetworkManager:109 - distance = 50.310347975866236 radio range: 90.0
2014-09-17 12:57:25 DEBUG NetworkManager:135 - << actualizeNaighbours
2014-09-17 12:57:25 DEBUG NetworkManager:96 - << processEvent
2014-09-17 12:57:25 DEBUG EndMoveActivity:33 - << move node: 2
2014-09-17 12:57:25 DEBUG EndMoveActivity:28 - >> move node: 3
2014-09-17 12:57:25 DEBUG GeoRouteMovementAlgorithm:36 - distance to checkpoint: 0.0
2014-09-17 12:57:25 DEBUG GeoRouteMovementAlgorithm:24 - checkpointAchieved: 0
2014-09-17 12:57:25 DEBUG GeoRouteMovementAlgorithm:50 - >> calculateBearing(currentPosition: [Latitude: 52.230963 ; Longitude: 21.004673999999998], nextCheckpoint: [Latitude: 52.230963 ; Longitude: 21.004674])
2014-09-17 12:57:25 DEBUG GeoRouteMovementAlgorithm:52 - new bearing: 90.0
2014-09-17 12:57:25 DEBUG GeoRouteMovementAlgorithm:53 - << calculateBearing
2014-09-17 12:57:25 DEBUG GeoRouteMovementAlgorithm:62 - newPosition: [Latitude: 52.230963 ; Longitude: 21.004673999999998]
2014-09-17 12:57:25 DEBUG EndMoveActivity:30 - moveing from position [Latitude: 52.230963 ; Longitude: 21.004673999999998] to [Latitude: 52.230963 ; Longitude: 21.004673999999998] 
2014-09-17 12:57:25 DEBUG DisSimEngine:137 - >> processEvent
2014-09-17 12:57:25 DEBUG DisSimEngine:162 - << processEvent
2014-09-17 12:57:25 DEBUG SenseSimJFXController:202 - >> processEvent
2014-09-17 12:57:25 DEBUG SenseSimJFXController:239 - << processEvent
2014-09-17 12:57:25 DEBUG NetworkManager:84 - >> processEvent
2014-09-17 12:57:25 DEBUG NetworkManager:92 - NODE_POSITION_CHANGED event
2014-09-17 12:57:25 DEBUG NetworkManager:100 - >> actualizeNaighbours
2014-09-17 12:57:25 DEBUG NetworkManager:109 - distance = 83.1072773865399 radio range: 50.0
2014-09-17 12:57:25 DEBUG NetworkManager:109 - distance = 46.97509746672352 radio range: 50.0
2014-09-17 12:57:25 DEBUG NetworkManager:109 - distance = 3.346761765407696 radio range: 50.0
2014-09-17 12:57:25 DEBUG NetworkManager:135 - << actualizeNaighbours
2014-09-17 12:57:25 DEBUG NetworkManager:96 - << processEvent
2014-09-17 12:57:25 DEBUG EndMoveActivity:33 - << move node: 3
2014-09-17 12:57:25 DEBUG EndMoveActivity:28 - >> move node: 1
2014-09-17 12:57:25 DEBUG GeoRouteMovementAlgorithm:36 - distance to checkpoint: 185.0161865538175
2014-09-17 12:57:25 DEBUG GeoRouteMovementAlgorithm:62 - newPosition: [Latitude: 52.23138992795964 ; Longitude: 21.003681568689302]
2014-09-17 12:57:25 DEBUG EndMoveActivity:30 - moveing from position [Latitude: 52.231394092695155 ; Longitude: 21.003678822395702] to [Latitude: 52.23138992795964 ; Longitude: 21.003681568689302] 
2014-09-17 12:57:25 DEBUG DisSimEngine:137 - >> processEvent
2014-09-17 12:57:25 DEBUG DisSimEngine:162 - << processEvent
2014-09-17 12:57:25 DEBUG SenseSimJFXController:202 - >> processEvent
2014-09-17 12:57:25 DEBUG SenseSimJFXController:239 - << processEvent
2014-09-17 12:57:25 DEBUG NetworkManager:84 - >> processEvent
2014-09-17 12:57:25 DEBUG NetworkManager:92 - NODE_POSITION_CHANGED event
2014-09-17 12:57:25 DEBUG NetworkManager:100 - >> actualizeNaighbours
2014-09-17 12:57:25 DEBUG NetworkManager:109 - distance = 73.07645915574611 radio range: 90.0
2014-09-17 12:57:25 DEBUG NetworkManager:109 - distance = 82.68716193468231 radio range: 90.0
2014-09-17 12:57:25 DEBUG NetworkManager:109 - distance = 84.57563919594179 radio range: 90.0
2014-09-17 12:57:25 DEBUG NetworkManager:135 - << actualizeNaighbours
2014-09-17 12:57:25 DEBUG NetworkManager:96 - << processEvent
2014-09-17 12:57:25 DEBUG EndMoveActivity:33 - << move node: 1
2014-09-17 12:57:26 DEBUG EndMoveActivity:28 - >> move node: 1
2014-09-17 12:57:26 DEBUG GeoRouteMovementAlgorithm:36 - distance to checkpoint: 184.5162053809699
2014-09-17 12:57:26 DEBUG GeoRouteMovementAlgorithm:62 - newPosition: [Latitude: 52.231385763224125 ; Longitude: 21.003684314982642]
2014-09-17 12:57:26 DEBUG EndMoveActivity:30 - moveing from position [Latitude: 52.23138992795964 ; Longitude: 21.003681568689302] to [Latitude: 52.231385763224125 ; Longitude: 21.003684314982642] 
2014-09-17 12:57:26 DEBUG DisSimEngine:137 - >> processEvent
2014-09-17 12:57:26 DEBUG DisSimEngine:162 - << processEvent
2014-09-17 12:57:26 DEBUG SenseSimJFXController:202 - >> processEvent
2014-09-17 12:57:26 DEBUG SenseSimJFXController:239 - << processEvent
2014-09-17 12:57:26 DEBUG NetworkManager:84 - >> processEvent
2014-09-17 12:57:26 DEBUG NetworkManager:92 - NODE_POSITION_CHANGED event
2014-09-17 12:57:26 DEBUG NetworkManager:100 - >> actualizeNaighbours
2014-09-17 12:57:26 DEBUG NetworkManager:109 - distance = 72.88517094161033 radio range: 90.0
2014-09-17 12:57:26 DEBUG NetworkManager:109 - distance = 82.26786566101653 radio range: 90.0
2014-09-17 12:57:26 DEBUG NetworkManager:109 - distance = 84.1475582468185 radio range: 90.0
2014-09-17 12:57:26 DEBUG NetworkManager:135 - << actualizeNaighbours
2014-09-17 12:57:26 DEBUG NetworkManager:96 - << processEvent
2014-09-17 12:57:26 DEBUG EndMoveActivity:33 - << move node: 1
2014-09-17 12:57:26 DEBUG EndMoveActivity:28 - >> move node: 3
2014-09-17 12:57:26 DEBUG GeoRouteMovementAlgorithm:36 - distance to checkpoint: 0.0
2014-09-17 12:57:26 DEBUG GeoRouteMovementAlgorithm:24 - checkpointAchieved: 0
2014-09-17 12:57:26 DEBUG GeoRouteMovementAlgorithm:50 - >> calculateBearing(currentPosition: [Latitude: 52.230963 ; Longitude: 21.004673999999998], nextCheckpoint: [Latitude: 52.230963 ; Longitude: 21.004674])
2014-09-17 12:57:26 DEBUG GeoRouteMovementAlgorithm:52 - new bearing: 90.0
2014-09-17 12:57:26 DEBUG GeoRouteMovementAlgorithm:53 - << calculateBearing
2014-09-17 12:57:26 DEBUG GeoRouteMovementAlgorithm:62 - newPosition: [Latitude: 52.230963 ; Longitude: 21.004673999999998]
2014-09-17 12:57:26 DEBUG EndMoveActivity:30 - moveing from position [Latitude: 52.230963 ; Longitude: 21.004673999999998] to [Latitude: 52.230963 ; Longitude: 21.004673999999998] 
2014-09-17 12:57:26 DEBUG DisSimEngine:137 - >> processEvent
2014-09-17 12:57:26 DEBUG DisSimEngine:162 - << processEvent
2014-09-17 12:57:26 DEBUG SenseSimJFXController:202 - >> processEvent
2014-09-17 12:57:26 DEBUG SenseSimJFXController:239 - << processEvent
2014-09-17 12:57:26 DEBUG NetworkManager:84 - >> processEvent
2014-09-17 12:57:26 DEBUG NetworkManager:92 - NODE_POSITION_CHANGED event
2014-09-17 12:57:26 DEBUG NetworkManager:100 - >> actualizeNaighbours
2014-09-17 12:57:26 DEBUG NetworkManager:109 - distance = 82.26786566101653 radio range: 50.0
2014-09-17 12:57:26 DEBUG NetworkManager:109 - distance = 46.97509746672352 radio range: 50.0
2014-09-17 12:57:26 DEBUG NetworkManager:109 - distance = 3.346761765407696 radio range: 50.0
2014-09-17 12:57:26 DEBUG NetworkManager:135 - << actualizeNaighbours
2014-09-17 12:57:26 DEBUG NetworkManager:96 - << processEvent
2014-09-17 12:57:26 DEBUG EndMoveActivity:33 - << move node: 3
2014-09-17 12:57:26 DEBUG EndMoveActivity:28 - >> move node: 2
2014-09-17 12:57:26 DEBUG GeoRouteMovementAlgorithm:36 - distance to checkpoint: 49.30875720301543
2014-09-17 12:57:26 DEBUG GeoRouteMovementAlgorithm:62 - newPosition: [Latitude: 52.23139073453943 ; Longitude: 21.00475778165957]
2014-09-17 12:57:26 DEBUG EndMoveActivity:30 - moveing from position [Latitude: 52.23138217984864 ; Longitude: 21.004753306005245] to [Latitude: 52.23139073453943 ; Longitude: 21.00475778165957] 
2014-09-17 12:57:26 DEBUG DisSimEngine:137 - >> processEvent
2014-09-17 12:57:26 DEBUG DisSimEngine:162 - << processEvent
2014-09-17 12:57:26 DEBUG SenseSimJFXController:202 - >> processEvent
2014-09-17 12:57:26 DEBUG SenseSimJFXController:239 - << processEvent
2014-09-17 12:57:26 DEBUG NetworkManager:84 - >> processEvent
2014-09-17 12:57:26 DEBUG NetworkManager:92 - NODE_POSITION_CHANGED event
2014-09-17 12:57:26 DEBUG NetworkManager:100 - >> actualizeNaighbours
2014-09-17 12:57:26 DEBUG NetworkManager:109 - distance = 73.1913870419748 radio range: 90.0
2014-09-17 12:57:26 DEBUG NetworkManager:109 - distance = 47.95658763776059 radio range: 90.0
2014-09-17 12:57:26 DEBUG NetworkManager:109 - distance = 51.290799345825725 radio range: 90.0
2014-09-17 12:57:26 DEBUG NetworkManager:135 - << actualizeNaighbours
2014-09-17 12:57:26 DEBUG NetworkManager:96 - << processEvent
2014-09-17 12:57:26 DEBUG EndMoveActivity:33 - << move node: 2
2014-09-17 12:57:26 DEBUG EndMoveActivity:28 - >> move node: 4
2014-09-17 12:57:26 DEBUG GeoRouteMovementAlgorithm:36 - distance to checkpoint: 10.02227580137291
2014-09-17 12:57:26 DEBUG GeoRouteMovementAlgorithm:62 - newPosition: [Latitude: 52.23093594702284 ; Longitude: 21.00465873117578]
2014-09-17 12:57:26 DEBUG EndMoveActivity:30 - moveing from position [Latitude: 52.23093294808239 ; Longitude: 21.004672556575148] to [Latitude: 52.23093594702284 ; Longitude: 21.00465873117578] 
2014-09-17 12:57:26 DEBUG DisSimEngine:137 - >> processEvent
2014-09-17 12:57:26 DEBUG DisSimEngine:162 - << processEvent
2014-09-17 12:57:26 DEBUG SenseSimJFXController:202 - >> processEvent
2014-09-17 12:57:26 DEBUG SenseSimJFXController:239 - << processEvent
2014-09-17 12:57:26 DEBUG NetworkManager:84 - >> processEvent
2014-09-17 12:57:26 DEBUG NetworkManager:92 - NODE_POSITION_CHANGED event
2014-09-17 12:57:26 DEBUG NetworkManager:100 - >> actualizeNaighbours
2014-09-17 12:57:26 DEBUG NetworkManager:109 - distance = 83.19326089704673 radio range: 90.0
2014-09-17 12:57:26 DEBUG NetworkManager:109 - distance = 51.07513733546331 radio range: 90.0
2014-09-17 12:57:26 DEBUG NetworkManager:109 - distance = 3.186376657131533 radio range: 90.0
2014-09-17 12:57:26 DEBUG NetworkManager:135 - << actualizeNaighbours
2014-09-17 12:57:26 DEBUG NetworkManager:96 - << processEvent
2014-09-17 12:57:26 DEBUG EndMoveActivity:33 - << move node: 4
2014-09-17 12:57:26 DEBUG EndMoveActivity:28 - >> move node: 4
2014-09-17 12:57:26 DEBUG GeoRouteMovementAlgorithm:36 - distance to checkpoint: 9.021450109309908
2014-09-17 12:57:26 DEBUG GeoRouteMovementAlgorithm:62 - newPosition: [Latitude: 52.23093894596331 ; Longitude: 21.004644905775482]
2014-09-17 12:57:26 DEBUG EndMoveActivity:30 - moveing from position [Latitude: 52.23093594702284 ; Longitude: 21.00465873117578] to [Latitude: 52.23093894596331 ; Longitude: 21.004644905775482] 
2014-09-17 12:57:26 DEBUG DisSimEngine:137 - >> processEvent
2014-09-17 12:57:26 DEBUG DisSimEngine:162 - << processEvent
2014-09-17 12:57:26 DEBUG SenseSimJFXController:202 - >> processEvent
2014-09-17 12:57:26 DEBUG SenseSimJFXController:239 - << processEvent
2014-09-17 12:57:26 DEBUG NetworkManager:84 - >> processEvent
2014-09-17 12:57:26 DEBUG NetworkManager:92 - NODE_POSITION_CHANGED event
2014-09-17 12:57:26 DEBUG NetworkManager:100 - >> actualizeNaighbours
2014-09-17 12:57:26 DEBUG NetworkManager:109 - distance = 82.24008186733207 radio range: 90.0
2014-09-17 12:57:26 DEBUG NetworkManager:109 - distance = 50.87836033258915 radio range: 90.0
2014-09-17 12:57:26 DEBUG NetworkManager:109 - distance = 3.3318841894532336 radio range: 90.0
2014-09-17 12:57:26 DEBUG NetworkManager:135 - << actualizeNaighbours
2014-09-17 12:57:26 DEBUG NetworkManager:96 - << processEvent
2014-09-17 12:57:26 DEBUG EndMoveActivity:33 - << move node: 4
2014-09-17 12:57:26 DEBUG EndMoveActivity:28 - >> move node: 2
2014-09-17 12:57:26 DEBUG GeoRouteMovementAlgorithm:36 - distance to checkpoint: 48.30883832078646
2014-09-17 12:57:26 DEBUG GeoRouteMovementAlgorithm:62 - newPosition: [Latitude: 52.23139928923021 ; Longitude: 21.004762257314752]
2014-09-17 12:57:26 DEBUG EndMoveActivity:30 - moveing from position [Latitude: 52.23139073453943 ; Longitude: 21.00475778165957] to [Latitude: 52.23139928923021 ; Longitude: 21.004762257314752] 
2014-09-17 12:57:26 DEBUG DisSimEngine:137 - >> processEvent
2014-09-17 12:57:26 DEBUG DisSimEngine:162 - << processEvent
2014-09-17 12:57:26 DEBUG SenseSimJFXController:202 - >> processEvent
2014-09-17 12:57:26 DEBUG SenseSimJFXController:239 - << processEvent
2014-09-17 12:57:26 DEBUG NetworkManager:84 - >> processEvent
2014-09-17 12:57:26 DEBUG NetworkManager:92 - NODE_POSITION_CHANGED event
2014-09-17 12:57:26 DEBUG NetworkManager:100 - >> actualizeNaighbours
2014-09-17 12:57:26 DEBUG NetworkManager:109 - distance = 73.50978397059242 radio range: 90.0
2014-09-17 12:57:26 DEBUG NetworkManager:109 - distance = 48.93878919499748 radio range: 90.0
2014-09-17 12:57:26 DEBUG NetworkManager:109 - distance = 51.866013097753964 radio range: 90.0
2014-09-17 12:57:26 DEBUG NetworkManager:135 - << actualizeNaighbours
2014-09-17 12:57:26 DEBUG NetworkManager:96 - << processEvent
2014-09-17 12:57:26 DEBUG EndMoveActivity:33 - << move node: 2
2014-09-17 12:57:26 DEBUG EndMoveActivity:28 - >> move node: 3
2014-09-17 12:57:26 DEBUG GeoRouteMovementAlgorithm:36 - distance to checkpoint: 0.0
2014-09-17 12:57:26 DEBUG GeoRouteMovementAlgorithm:24 - checkpointAchieved: 0
2014-09-17 12:57:26 DEBUG GeoRouteMovementAlgorithm:50 - >> calculateBearing(currentPosition: [Latitude: 52.230963 ; Longitude: 21.004673999999998], nextCheckpoint: [Latitude: 52.230963 ; Longitude: 21.004674])
2014-09-17 12:57:26 DEBUG GeoRouteMovementAlgorithm:52 - new bearing: 90.0
2014-09-17 12:57:26 DEBUG GeoRouteMovementAlgorithm:53 - << calculateBearing
2014-09-17 12:57:26 DEBUG GeoRouteMovementAlgorithm:62 - newPosition: [Latitude: 52.230963 ; Longitude: 21.004673999999998]
2014-09-17 12:57:26 DEBUG EndMoveActivity:30 - moveing from position [Latitude: 52.230963 ; Longitude: 21.004673999999998] to [Latitude: 52.230963 ; Longitude: 21.004673999999998] 
2014-09-17 12:57:26 DEBUG DisSimEngine:137 - >> processEvent
2014-09-17 12:57:26 DEBUG DisSimEngine:162 - << processEvent
2014-09-17 12:57:26 DEBUG SenseSimJFXController:202 - >> processEvent
2014-09-17 12:57:26 DEBUG SenseSimJFXController:239 - << processEvent
2014-09-17 12:57:26 DEBUG NetworkManager:84 - >> processEvent
2014-09-17 12:57:26 DEBUG NetworkManager:92 - NODE_POSITION_CHANGED event
2014-09-17 12:57:26 DEBUG NetworkManager:100 - >> actualizeNaighbours
2014-09-17 12:57:26 DEBUG NetworkManager:109 - distance = 82.26786566101653 radio range: 50.0
2014-09-17 12:57:26 DEBUG NetworkManager:109 - distance = 48.93878919499748 radio range: 50.0
2014-09-17 12:57:26 DEBUG NetworkManager:109 - distance = 3.3318841894532336 radio range: 50.0
2014-09-17 12:57:26 DEBUG NetworkManager:135 - << actualizeNaighbours
2014-09-17 12:57:26 DEBUG NetworkManager:96 - << processEvent
2014-09-17 12:57:26 DEBUG EndMoveActivity:33 - << move node: 3
2014-09-17 12:57:26 DEBUG EndMoveActivity:28 - >> move node: 1
2014-09-17 12:57:26 DEBUG GeoRouteMovementAlgorithm:36 - distance to checkpoint: 184.0161910997652
2014-09-17 12:57:26 DEBUG GeoRouteMovementAlgorithm:62 - newPosition: [Latitude: 52.23138159848861 ; Longitude: 21.003687061275727]
2014-09-17 12:57:26 DEBUG EndMoveActivity:30 - moveing from position [Latitude: 52.231385763224125 ; Longitude: 21.003684314982642] to [Latitude: 52.23138159848861 ; Longitude: 21.003687061275727] 
2014-09-17 12:57:26 DEBUG DisSimEngine:137 - >> processEvent
2014-09-17 12:57:26 DEBUG DisSimEngine:162 - << processEvent
2014-09-17 12:57:26 DEBUG SenseSimJFXController:202 - >> processEvent
2014-09-17 12:57:26 DEBUG SenseSimJFXController:239 - << processEvent
2014-09-17 12:57:26 DEBUG NetworkManager:84 - >> processEvent
2014-09-17 12:57:26 DEBUG NetworkManager:92 - NODE_POSITION_CHANGED event
2014-09-17 12:57:26 DEBUG NetworkManager:100 - >> actualizeNaighbours
2014-09-17 12:57:26 DEBUG NetworkManager:109 - distance = 73.33360806275832 radio range: 90.0
2014-09-17 12:57:26 DEBUG NetworkManager:109 - distance = 81.84956669505132 radio range: 90.0
2014-09-17 12:57:26 DEBUG NetworkManager:109 - distance = 81.81104200325436 radio range: 90.0
2014-09-17 12:57:26 DEBUG NetworkManager:135 - << actualizeNaighbours
2014-09-17 12:57:26 DEBUG NetworkManager:96 - << processEvent
2014-09-17 12:57:26 DEBUG EndMoveActivity:33 - << move node: 1
2014-09-17 12:57:27 DEBUG EndMoveActivity:28 - >> move node: 1
2014-09-17 12:57:27 DEBUG GeoRouteMovementAlgorithm:36 - distance to checkpoint: 183.51619266093564
2014-09-17 12:57:27 DEBUG GeoRouteMovementAlgorithm:62 - newPosition: [Latitude: 52.23137743375309 ; Longitude: 21.003689807568552]
2014-09-17 12:57:27 DEBUG EndMoveActivity:30 - moveing from position [Latitude: 52.23138159848861 ; Longitude: 21.003687061275727] to [Latitude: 52.23137743375309 ; Longitude: 21.003689807568552] 
2014-09-17 12:57:27 DEBUG DisSimEngine:137 - >> processEvent
2014-09-17 12:57:27 DEBUG DisSimEngine:162 - << processEvent
2014-09-17 12:57:27 DEBUG SenseSimJFXController:202 - >> processEvent
2014-09-17 12:57:27 DEBUG SenseSimJFXController:239 - << processEvent
2014-09-17 12:57:27 DEBUG NetworkManager:84 - >> processEvent
2014-09-17 12:57:27 DEBUG NetworkManager:92 - NODE_POSITION_CHANGED event
2014-09-17 12:57:27 DEBUG NetworkManager:100 - >> actualizeNaighbours
2014-09-17 12:57:27 DEBUG NetworkManager:109 - distance = 73.16034158612788 radio range: 90.0
2014-09-17 12:57:27 DEBUG NetworkManager:109 - distance = 81.43211401722196 radio range: 90.0
2014-09-17 12:57:27 DEBUG NetworkManager:109 - distance = 81.38268161134678 radio range: 90.0
2014-09-17 12:57:27 DEBUG NetworkManager:135 - << actualizeNaighbours
2014-09-17 12:57:27 DEBUG NetworkManager:96 - << processEvent
2014-09-17 12:57:27 DEBUG EndMoveActivity:33 - << move node: 1
2014-09-17 12:57:27 DEBUG EndMoveActivity:28 - >> move node: 3
2014-09-17 12:57:27 DEBUG GeoRouteMovementAlgorithm:36 - distance to checkpoint: 0.0
2014-09-17 12:57:27 DEBUG GeoRouteMovementAlgorithm:24 - checkpointAchieved: 0
2014-09-17 12:57:27 DEBUG GeoRouteMovementAlgorithm:50 - >> calculateBearing(currentPosition: [Latitude: 52.230963 ; Longitude: 21.004673999999998], nextCheckpoint: [Latitude: 52.230963 ; Longitude: 21.004674])
2014-09-17 12:57:27 DEBUG GeoRouteMovementAlgorithm:52 - new bearing: 90.0
2014-09-17 12:57:27 DEBUG GeoRouteMovementAlgorithm:53 - << calculateBearing
2014-09-17 12:57:27 DEBUG GeoRouteMovementAlgorithm:62 - newPosition: [Latitude: 52.230963 ; Longitude: 21.004673999999998]
2014-09-17 12:57:27 DEBUG EndMoveActivity:30 - moveing from position [Latitude: 52.230963 ; Longitude: 21.004673999999998] to [Latitude: 52.230963 ; Longitude: 21.004673999999998] 
2014-09-17 12:57:27 DEBUG DisSimEngine:137 - >> processEvent
2014-09-17 12:57:27 DEBUG DisSimEngine:162 - << processEvent
2014-09-17 12:57:27 DEBUG SenseSimJFXController:202 - >> processEvent
2014-09-17 12:57:27 DEBUG SenseSimJFXController:239 - << processEvent
2014-09-17 12:57:27 DEBUG NetworkManager:84 - >> processEvent
2014-09-17 12:57:27 DEBUG NetworkManager:92 - NODE_POSITION_CHANGED event
2014-09-17 12:57:27 DEBUG NetworkManager:100 - >> actualizeNaighbours
2014-09-17 12:57:27 DEBUG NetworkManager:109 - distance = 81.43211401722196 radio range: 50.0
2014-09-17 12:57:27 DEBUG NetworkManager:109 - distance = 48.93878919499748 radio range: 50.0
2014-09-17 12:57:27 DEBUG NetworkManager:109 - distance = 3.3318841894532336 radio range: 50.0
2014-09-17 12:57:27 DEBUG NetworkManager:135 - << actualizeNaighbours
2014-09-17 12:57:27 DEBUG NetworkManager:96 - << processEvent
2014-09-17 12:57:27 DEBUG EndMoveActivity:33 - << move node: 3
2014-09-17 12:57:27 DEBUG EndMoveActivity:28 - >> move node: 2
2014-09-17 12:57:27 DEBUG GeoRouteMovementAlgorithm:36 - distance to checkpoint: 47.308788022430164
2014-09-17 12:57:27 DEBUG GeoRouteMovementAlgorithm:62 - newPosition: [Latitude: 52.231407843921005 ; Longitude: 21.0047667329708]
2014-09-17 12:57:27 DEBUG EndMoveActivity:30 - moveing from position [Latitude: 52.23139928923021 ; Longitude: 21.004762257314752] to [Latitude: 52.231407843921005 ; Longitude: 21.0047667329708] 
2014-09-17 12:57:27 DEBUG DisSimEngine:137 - >> processEvent
2014-09-17 12:57:27 DEBUG DisSimEngine:162 - << processEvent
2014-09-17 12:57:27 DEBUG SenseSimJFXController:202 - >> processEvent
2014-09-17 12:57:27 DEBUG SenseSimJFXController:239 - << processEvent
2014-09-17 12:57:27 DEBUG NetworkManager:84 - >> processEvent
2014-09-17 12:57:27 DEBUG NetworkManager:92 - NODE_POSITION_CHANGED event
2014-09-17 12:57:27 DEBUG NetworkManager:100 - >> actualizeNaighbours
2014-09-17 12:57:27 DEBUG NetworkManager:109 - distance = 73.50302523555395 radio range: 90.0
2014-09-17 12:57:27 DEBUG NetworkManager:109 - distance = 49.921750620000466 radio range: 90.0
2014-09-17 12:57:27 DEBUG NetworkManager:109 - distance = 52.854180404760065 radio range: 90.0
2014-09-17 12:57:27 DEBUG NetworkManager:135 - << actualizeNaighbours
2014-09-17 12:57:27 DEBUG NetworkManager:96 - << processEvent
2014-09-17 12:57:27 DEBUG EndMoveActivity:33 - << move node: 2
2014-09-17 12:57:27 DEBUG EndMoveActivity:28 - >> move node: 4
2014-09-17 12:57:27 DEBUG GeoRouteMovementAlgorithm:36 - distance to checkpoint: 8.021875392896558
2014-09-17 12:57:27 DEBUG GeoRouteMovementAlgorithm:62 - newPosition: [Latitude: 52.23094194490376 ; Longitude: 21.004631080374246]
2014-09-17 12:57:27 DEBUG EndMoveActivity:30 - moveing from position [Latitude: 52.23093894596331 ; Longitude: 21.004644905775482] to [Latitude: 52.23094194490376 ; Longitude: 21.004631080374246] 
2014-09-17 12:57:27 DEBUG DisSimEngine:137 - >> processEvent
2014-09-17 12:57:27 DEBUG DisSimEngine:162 - << processEvent
2014-09-17 12:57:27 DEBUG SenseSimJFXController:202 - >> processEvent
2014-09-17 12:57:27 DEBUG SenseSimJFXController:239 - << processEvent
2014-09-17 12:57:27 DEBUG NetworkManager:84 - >> processEvent
2014-09-17 12:57:27 DEBUG NetworkManager:92 - NODE_POSITION_CHANGED event
2014-09-17 12:57:27 DEBUG NetworkManager:100 - >> actualizeNaighbours
2014-09-17 12:57:27 DEBUG NetworkManager:109 - distance = 80.42882226901187 radio range: 90.0
2014-09-17 12:57:27 DEBUG NetworkManager:109 - distance = 52.681886154800516 radio range: 90.0
2014-09-17 12:57:27 DEBUG NetworkManager:109 - distance = 3.7490285917303527 radio range: 90.0
2014-09-17 12:57:27 DEBUG NetworkManager:135 - << actualizeNaighbours
2014-09-17 12:57:27 DEBUG NetworkManager:96 - << processEvent
2014-09-17 12:57:27 DEBUG EndMoveActivity:33 - << move node: 4
2014-09-17 12:57:27 DEBUG EndMoveActivity:28 - >> move node: 4
2014-09-17 12:57:27 DEBUG GeoRouteMovementAlgorithm:36 - distance to checkpoint: 7.0215132851031825
2014-09-17 12:57:27 DEBUG GeoRouteMovementAlgorithm:62 - newPosition: [Latitude: 52.230944943844214 ; Longitude: 21.00461725497208]
2014-09-17 12:57:27 DEBUG EndMoveActivity:30 - moveing from position [Latitude: 52.23094194490376 ; Longitude: 21.004631080374246] to [Latitude: 52.230944943844214 ; Longitude: 21.00461725497208] 
2014-09-17 12:57:27 DEBUG DisSimEngine:137 - >> processEvent
2014-09-17 12:57:27 DEBUG DisSimEngine:162 - << processEvent
2014-09-17 12:57:27 DEBUG SenseSimJFXController:202 - >> processEvent
2014-09-17 12:57:27 DEBUG SenseSimJFXController:239 - << processEvent
2014-09-17 12:57:27 DEBUG NetworkManager:84 - >> processEvent
2014-09-17 12:57:27 DEBUG NetworkManager:92 - NODE_POSITION_CHANGED event
2014-09-17 12:57:27 DEBUG NetworkManager:100 - >> actualizeNaighbours
2014-09-17 12:57:27 DEBUG NetworkManager:109 - distance = 79.47596017187502 radio range: 90.0
2014-09-17 12:57:27 DEBUG NetworkManager:109 - distance = 52.5279460158605 radio range: 90.0
2014-09-17 12:57:27 DEBUG NetworkManager:109 - distance = 4.359501425093566 radio range: 90.0
2014-09-17 12:57:27 DEBUG NetworkManager:135 - << actualizeNaighbours
2014-09-17 12:57:27 DEBUG NetworkManager:96 - << processEvent
2014-09-17 12:57:27 DEBUG EndMoveActivity:33 - << move node: 4
2014-09-17 12:57:27 DEBUG EndMoveActivity:28 - >> move node: 2
2014-09-17 12:57:27 DEBUG GeoRouteMovementAlgorithm:36 - distance to checkpoint: 46.30869532347818
2014-09-17 12:57:27 DEBUG GeoRouteMovementAlgorithm:62 - newPosition: [Latitude: 52.231416398611806 ; Longitude: 21.00477120862771]
2014-09-17 12:57:27 DEBUG EndMoveActivity:30 - moveing from position [Latitude: 52.231407843921005 ; Longitude: 21.0047667329708] to [Latitude: 52.231416398611806 ; Longitude: 21.00477120862771] 
2014-09-17 12:57:27 DEBUG DisSimEngine:137 - >> processEvent
2014-09-17 12:57:27 DEBUG DisSimEngine:162 - << processEvent
2014-09-17 12:57:27 DEBUG SenseSimJFXController:202 - >> processEvent
2014-09-17 12:57:27 DEBUG SenseSimJFXController:239 - << processEvent
2014-09-17 12:57:27 DEBUG NetworkManager:84 - >> processEvent
2014-09-17 12:57:27 DEBUG NetworkManager:92 - NODE_POSITION_CHANGED event
2014-09-17 12:57:27 DEBUG NetworkManager:100 - >> actualizeNaighbours
2014-09-17 12:57:27 DEBUG NetworkManager:109 - distance = 73.85769535828322 radio range: 90.0
2014-09-17 12:57:27 DEBUG NetworkManager:109 - distance = 50.90542789465148 radio range: 90.0
2014-09-17 12:57:27 DEBUG NetworkManager:121 - removing edge: [2;3]
2014-09-17 12:57:27 DEBUG NetworkManager:109 - distance = 53.52152897138315 radio range: 90.0
2014-09-17 12:57:27 DEBUG NetworkManager:135 - << actualizeNaighbours
2014-09-17 12:57:27 DEBUG NetworkManager:96 - << processEvent
2014-09-17 12:57:27 DEBUG DisSimEngine:137 - >> processEvent
2014-09-17 12:57:27 DEBUG DisSimEngine:162 - << processEvent
2014-09-17 12:57:27 DEBUG SenseSimJFXController:202 - >> processEvent
2014-09-17 12:57:27 DEBUG SenseSimJFXController:221 - EDGE_REMOVED event
2014-09-17 12:57:27 DEBUG SenseSimJFXController:192 - edgeViews.containsKey(graphEdge=GraphEdge{idA=2, idB=3, positionType=})
2014-09-17 12:57:27 DEBUG SenseSimJFXController:239 - << processEvent
2014-09-17 12:57:27 DEBUG NetworkManager:84 - >> processEvent
2014-09-17 12:57:27 DEBUG NetworkManager:96 - << processEvent
2014-09-17 12:57:27 DEBUG EndMoveActivity:33 - << move node: 2
2014-09-17 12:57:27 DEBUG EndMoveActivity:28 - >> move node: 3
2014-09-17 12:57:27 DEBUG GeoRouteMovementAlgorithm:36 - distance to checkpoint: 0.0
2014-09-17 12:57:27 DEBUG GeoRouteMovementAlgorithm:24 - checkpointAchieved: 0
2014-09-17 12:57:27 DEBUG GeoRouteMovementAlgorithm:50 - >> calculateBearing(currentPosition: [Latitude: 52.230963 ; Longitude: 21.004673999999998], nextCheckpoint: [Latitude: 52.230963 ; Longitude: 21.004674])
2014-09-17 12:57:27 DEBUG GeoRouteMovementAlgorithm:52 - new bearing: 90.0
2014-09-17 12:57:27 DEBUG GeoRouteMovementAlgorithm:53 - << calculateBearing
2014-09-17 12:57:27 DEBUG GeoRouteMovementAlgorithm:62 - newPosition: [Latitude: 52.230963 ; Longitude: 21.004673999999998]
2014-09-17 12:57:27 DEBUG EndMoveActivity:30 - moveing from position [Latitude: 52.230963 ; Longitude: 21.004673999999998] to [Latitude: 52.230963 ; Longitude: 21.004673999999998] 
2014-09-17 12:57:27 DEBUG DisSimEngine:137 - >> processEvent
2014-09-17 12:57:27 DEBUG DisSimEngine:162 - << processEvent
2014-09-17 12:57:27 DEBUG SenseSimJFXController:202 - >> processEvent
2014-09-17 12:57:27 DEBUG SenseSimJFXController:239 - << processEvent
2014-09-17 12:57:27 DEBUG NetworkManager:84 - >> processEvent
2014-09-17 12:57:27 DEBUG NetworkManager:92 - NODE_POSITION_CHANGED event
2014-09-17 12:57:27 DEBUG NetworkManager:100 - >> actualizeNaighbours
2014-09-17 12:57:27 DEBUG NetworkManager:109 - distance = 81.43211401722196 radio range: 50.0
2014-09-17 12:57:27 DEBUG NetworkManager:109 - distance = 50.90542789465148 radio range: 50.0
2014-09-17 12:57:27 DEBUG NetworkManager:109 - distance = 4.359501425093566 radio range: 50.0
2014-09-17 12:57:27 DEBUG NetworkManager:135 - << actualizeNaighbours
2014-09-17 12:57:27 DEBUG NetworkManager:96 - << processEvent
2014-09-17 12:57:27 DEBUG EndMoveActivity:33 - << move node: 3
2014-09-17 12:57:27 DEBUG EndMoveActivity:28 - >> move node: 1
2014-09-17 12:57:27 DEBUG GeoRouteMovementAlgorithm:36 - distance to checkpoint: 183.01621019432488
2014-09-17 12:57:27 DEBUG GeoRouteMovementAlgorithm:62 - newPosition: [Latitude: 52.231373269017574 ; Longitude: 21.00369255386112]
2014-09-17 12:57:27 DEBUG EndMoveActivity:30 - moveing from position [Latitude: 52.23137743375309 ; Longitude: 21.003689807568552] to [Latitude: 52.231373269017574 ; Longitude: 21.00369255386112] 
2014-09-17 12:57:27 DEBUG DisSimEngine:137 - >> processEvent
2014-09-17 12:57:27 DEBUG DisSimEngine:162 - << processEvent
2014-09-17 12:57:27 DEBUG SenseSimJFXController:202 - >> processEvent
2014-09-17 12:57:27 DEBUG SenseSimJFXController:239 - << processEvent
2014-09-17 12:57:27 DEBUG NetworkManager:84 - >> processEvent
2014-09-17 12:57:27 DEBUG NetworkManager:92 - NODE_POSITION_CHANGED event
2014-09-17 12:57:27 DEBUG NetworkManager:100 - >> actualizeNaighbours
2014-09-17 12:57:27 DEBUG NetworkManager:109 - distance = 73.69951229059535 radio range: 90.0
2014-09-17 12:57:27 DEBUG NetworkManager:109 - distance = 81.01563220568706 radio range: 90.0
2014-09-17 12:57:27 DEBUG NetworkManager:109 - distance = 79.0465445135678 radio range: 90.0
2014-09-17 12:57:27 DEBUG NetworkManager:135 - << actualizeNaighbours
2014-09-17 12:57:27 DEBUG NetworkManager:96 - << processEvent
2014-09-17 12:57:27 DEBUG EndMoveActivity:33 - << move node: 1
2014-09-17 12:57:28 DEBUG EndMoveActivity:28 - >> move node: 1
2014-09-17 12:57:28 DEBUG GeoRouteMovementAlgorithm:36 - distance to checkpoint: 182.51619434017007
2014-09-17 12:57:28 DEBUG GeoRouteMovementAlgorithm:62 - newPosition: [Latitude: 52.23136910428206 ; Longitude: 21.003695300153435]
2014-09-17 12:57:28 DEBUG EndMoveActivity:30 - moveing from position [Latitude: 52.231373269017574 ; Longitude: 21.00369255386112] to [Latitude: 52.23136910428206 ; Longitude: 21.003695300153435] 
2014-09-17 12:57:28 DEBUG DisSimEngine:137 - >> processEvent
2014-09-17 12:57:28 DEBUG DisSimEngine:162 - << processEvent
2014-09-17 12:57:28 DEBUG SenseSimJFXController:202 - >> processEvent
2014-09-17 12:57:28 DEBUG SenseSimJFXController:239 - << processEvent
2014-09-17 12:57:28 DEBUG NetworkManager:84 - >> processEvent
2014-09-17 12:57:28 DEBUG NetworkManager:92 - NODE_POSITION_CHANGED event
2014-09-17 12:57:28 DEBUG NetworkManager:100 - >> actualizeNaighbours
2014-09-17 12:57:28 DEBUG NetworkManager:109 - distance = 73.54442809168738 radio range: 90.0
2014-09-17 12:57:28 DEBUG NetworkManager:109 - distance = 80.60013631060194 radio range: 90.0
2014-09-17 12:57:28 DEBUG NetworkManager:109 - distance = 78.61800046463011 radio range: 90.0
2014-09-17 12:57:28 DEBUG NetworkManager:135 - << actualizeNaighbours
2014-09-17 12:57:28 DEBUG NetworkManager:96 - << processEvent
2014-09-17 12:57:28 DEBUG EndMoveActivity:33 - << move node: 1
2014-09-17 12:57:28 DEBUG EndMoveActivity:28 - >> move node: 3
2014-09-17 12:57:28 DEBUG GeoRouteMovementAlgorithm:36 - distance to checkpoint: 0.0
2014-09-17 12:57:28 DEBUG GeoRouteMovementAlgorithm:24 - checkpointAchieved: 0
2014-09-17 12:57:28 DEBUG GeoRouteMovementAlgorithm:50 - >> calculateBearing(currentPosition: [Latitude: 52.230963 ; Longitude: 21.004673999999998], nextCheckpoint: [Latitude: 52.230963 ; Longitude: 21.004674])
2014-09-17 12:57:28 DEBUG GeoRouteMovementAlgorithm:52 - new bearing: 90.0
2014-09-17 12:57:28 DEBUG GeoRouteMovementAlgorithm:53 - << calculateBearing
2014-09-17 12:57:28 DEBUG GeoRouteMovementAlgorithm:62 - newPosition: [Latitude: 52.230963 ; Longitude: 21.004673999999998]
2014-09-17 12:57:28 DEBUG EndMoveActivity:30 - moveing from position [Latitude: 52.230963 ; Longitude: 21.004673999999998] to [Latitude: 52.230963 ; Longitude: 21.004673999999998] 
2014-09-17 12:57:28 DEBUG DisSimEngine:137 - >> processEvent
2014-09-17 12:57:28 DEBUG DisSimEngine:162 - << processEvent
2014-09-17 12:57:28 DEBUG SenseSimJFXController:202 - >> processEvent
2014-09-17 12:57:28 DEBUG SenseSimJFXController:239 - << processEvent
2014-09-17 12:57:28 DEBUG NetworkManager:84 - >> processEvent
2014-09-17 12:57:28 DEBUG NetworkManager:92 - NODE_POSITION_CHANGED event
2014-09-17 12:57:28 DEBUG NetworkManager:100 - >> actualizeNaighbours
2014-09-17 12:57:28 DEBUG NetworkManager:109 - distance = 80.60013631060194 radio range: 50.0
2014-09-17 12:57:28 DEBUG NetworkManager:109 - distance = 50.90542789465148 radio range: 50.0
2014-09-17 12:57:28 DEBUG NetworkManager:109 - distance = 4.359501425093566 radio range: 50.0
2014-09-17 12:57:28 DEBUG NetworkManager:135 - << actualizeNaighbours
2014-09-17 12:57:28 DEBUG NetworkManager:96 - << processEvent
2014-09-17 12:57:28 DEBUG EndMoveActivity:33 - << move node: 3
2014-09-17 12:57:28 DEBUG EndMoveActivity:28 - >> move node: 2
2014-09-17 12:57:28 DEBUG GeoRouteMovementAlgorithm:36 - distance to checkpoint: 45.30875678020661
2014-09-17 12:57:28 DEBUG GeoRouteMovementAlgorithm:62 - newPosition: [Latitude: 52.2314249533026 ; Longitude: 21.00477568428548]
2014-09-17 12:57:28 DEBUG EndMoveActivity:30 - moveing from position [Latitude: 52.231416398611806 ; Longitude: 21.00477120862771] to [Latitude: 52.2314249533026 ; Longitude: 21.00477568428548] 
2014-09-17 12:57:28 DEBUG DisSimEngine:137 - >> processEvent
2014-09-17 12:57:28 DEBUG DisSimEngine:162 - << processEvent
2014-09-17 12:57:28 DEBUG SenseSimJFXController:202 - >> processEvent
2014-09-17 12:57:28 DEBUG SenseSimJFXController:239 - << processEvent
2014-09-17 12:57:28 DEBUG NetworkManager:84 - >> processEvent
2014-09-17 12:57:28 DEBUG NetworkManager:92 - NODE_POSITION_CHANGED event
2014-09-17 12:57:28 DEBUG NetworkManager:100 - >> actualizeNaighbours
2014-09-17 12:57:28 DEBUG NetworkManager:109 - distance = 73.92285337283498 radio range: 90.0
2014-09-17 12:57:28 DEBUG NetworkManager:109 - distance = 51.88960622859836 radio range: 90.0
2014-09-17 12:57:28 DEBUG NetworkManager:109 - distance = 54.51531242126586 radio range: 90.0
2014-09-17 12:57:28 DEBUG NetworkManager:135 - << actualizeNaighbours
2014-09-17 12:57:28 DEBUG NetworkManager:96 - << processEvent
2014-09-17 12:57:28 DEBUG EndMoveActivity:33 - << move node: 2
2014-09-17 12:57:28 DEBUG EndMoveActivity:28 - >> move node: 4
2014-09-17 12:57:28 DEBUG GeoRouteMovementAlgorithm:36 - distance to checkpoint: 6.021471571424241
2014-09-17 12:57:28 DEBUG GeoRouteMovementAlgorithm:62 - newPosition: [Latitude: 52.23094794278467 ; Longitude: 21.004603429568977]
2014-09-17 12:57:28 DEBUG EndMoveActivity:30 - moveing from position [Latitude: 52.230944943844214 ; Longitude: 21.00461725497208] to [Latitude: 52.23094794278467 ; Longitude: 21.004603429568977] 
2014-09-17 12:57:28 DEBUG DisSimEngine:137 - >> processEvent
2014-09-17 12:57:28 DEBUG DisSimEngine:162 - << processEvent
2014-09-17 12:57:28 DEBUG SenseSimJFXController:202 - >> processEvent
2014-09-17 12:57:28 DEBUG SenseSimJFXController:239 - << processEvent
2014-09-17 12:57:28 DEBUG NetworkManager:84 - >> processEvent
2014-09-17 12:57:28 DEBUG NetworkManager:92 - NODE_POSITION_CHANGED event
2014-09-17 12:57:28 DEBUG NetworkManager:100 - >> actualizeNaighbours
2014-09-17 12:57:28 DEBUG NetworkManager:109 - distance = 77.66443825318501 radio range: 90.0
2014-09-17 12:57:28 DEBUG NetworkManager:109 - distance = 54.38392364838057 radio range: 90.0
2014-09-17 12:57:28 DEBUG NetworkManager:109 - distance = 5.095154271270078 radio range: 90.0
2014-09-17 12:57:28 DEBUG NetworkManager:135 - << actualizeNaighbours
2014-09-17 12:57:28 DEBUG NetworkManager:96 - << processEvent
2014-09-17 12:57:28 DEBUG EndMoveActivity:33 - << move node: 4
2014-09-17 12:57:28 DEBUG EndMoveActivity:28 - >> move node: 4
2014-09-17 12:57:28 DEBUG GeoRouteMovementAlgorithm:36 - distance to checkpoint: 5.021941660048278
2014-09-17 12:57:28 DEBUG GeoRouteMovementAlgorithm:62 - newPosition: [Latitude: 52.230950941725126 ; Longitude: 21.004589604164938]
2014-09-17 12:57:28 DEBUG EndMoveActivity:30 - moveing from position [Latitude: 52.23094794278467 ; Longitude: 21.004603429568977] to [Latitude: 52.230950941725126 ; Longitude: 21.004589604164938] 
2014-09-17 12:57:28 DEBUG DisSimEngine:137 - >> processEvent
2014-09-17 12:57:28 DEBUG DisSimEngine:162 - << processEvent
2014-09-17 12:57:28 DEBUG SenseSimJFXController:202 - >> processEvent
2014-09-17 12:57:28 DEBUG SenseSimJFXController:239 - << processEvent
2014-09-17 12:57:28 DEBUG NetworkManager:84 - >> processEvent
2014-09-17 12:57:28 DEBUG NetworkManager:92 - NODE_POSITION_CHANGED event
2014-09-17 12:57:28 DEBUG NetworkManager:100 - >> actualizeNaighbours
2014-09-17 12:57:28 DEBUG NetworkManager:109 - distance = 76.71197548335239 radio range: 90.0
2014-09-17 12:57:28 DEBUG NetworkManager:109 - distance = 54.27052842608873 radio range: 90.0
2014-09-17 12:57:28 DEBUG NetworkManager:109 - distance = 5.907891558755895 radio range: 90.0
2014-09-17 12:57:28 DEBUG NetworkManager:135 - << actualizeNaighbours
2014-09-17 12:57:28 DEBUG NetworkManager:96 - << processEvent
2014-09-17 12:57:28 DEBUG EndMoveActivity:33 - << move node: 4
2014-09-17 12:57:28 DEBUG EndMoveActivity:28 - >> move node: 2
2014-09-17 12:57:28 DEBUG GeoRouteMovementAlgorithm:36 - distance to checkpoint: 44.30888089821299
2014-09-17 12:57:28 DEBUG GeoRouteMovementAlgorithm:62 - newPosition: [Latitude: 52.23143350799337 ; Longitude: 21.004780159944115]
2014-09-17 12:57:28 DEBUG EndMoveActivity:30 - moveing from position [Latitude: 52.2314249533026 ; Longitude: 21.00477568428548] to [Latitude: 52.23143350799337 ; Longitude: 21.004780159944115] 
2014-09-17 12:57:28 DEBUG DisSimEngine:137 - >> processEvent
2014-09-17 12:57:28 DEBUG DisSimEngine:162 - << processEvent
2014-09-17 12:57:28 DEBUG SenseSimJFXController:202 - >> processEvent
2014-09-17 12:57:28 DEBUG SenseSimJFXController:239 - << processEvent
2014-09-17 12:57:28 DEBUG NetworkManager:84 - >> processEvent
2014-09-17 12:57:28 DEBUG NetworkManager:92 - NODE_POSITION_CHANGED event
2014-09-17 12:57:28 DEBUG NetworkManager:100 - >> actualizeNaighbours
2014-09-17 12:57:28 DEBUG NetworkManager:109 - distance = 74.31272326781819 radio range: 90.0
2014-09-17 12:57:28 DEBUG NetworkManager:109 - distance = 52.87459931658016 radio range: 90.0
2014-09-17 12:57:28 DEBUG NetworkManager:109 - distance = 55.26784170630035 radio range: 90.0
2014-09-17 12:57:28 DEBUG NetworkManager:135 - << actualizeNaighbours
2014-09-17 12:57:28 DEBUG NetworkManager:96 - << processEvent
2014-09-17 12:57:28 DEBUG EndMoveActivity:33 - << move node: 2
2014-09-17 12:57:28 DEBUG EndMoveActivity:28 - >> move node: 3
2014-09-17 12:57:28 DEBUG GeoRouteMovementAlgorithm:36 - distance to checkpoint: 0.0
2014-09-17 12:57:28 DEBUG GeoRouteMovementAlgorithm:24 - checkpointAchieved: 0
2014-09-17 12:57:28 DEBUG GeoRouteMovementAlgorithm:50 - >> calculateBearing(currentPosition: [Latitude: 52.230963 ; Longitude: 21.004673999999998], nextCheckpoint: [Latitude: 52.230963 ; Longitude: 21.004674])
2014-09-17 12:57:28 DEBUG GeoRouteMovementAlgorithm:52 - new bearing: 90.0
2014-09-17 12:57:28 DEBUG GeoRouteMovementAlgorithm:53 - << calculateBearing
2014-09-17 12:57:28 DEBUG GeoRouteMovementAlgorithm:62 - newPosition: [Latitude: 52.230963 ; Longitude: 21.004673999999998]
2014-09-17 12:57:28 DEBUG EndMoveActivity:30 - moveing from position [Latitude: 52.230963 ; Longitude: 21.004673999999998] to [Latitude: 52.230963 ; Longitude: 21.004673999999998] 
2014-09-17 12:57:28 DEBUG DisSimEngine:137 - >> processEvent
2014-09-17 12:57:28 DEBUG DisSimEngine:162 - << processEvent
2014-09-17 12:57:28 DEBUG SenseSimJFXController:202 - >> processEvent
2014-09-17 12:57:28 DEBUG SenseSimJFXController:239 - << processEvent
2014-09-17 12:57:28 DEBUG NetworkManager:84 - >> processEvent
2014-09-17 12:57:28 DEBUG NetworkManager:92 - NODE_POSITION_CHANGED event
2014-09-17 12:57:28 DEBUG NetworkManager:100 - >> actualizeNaighbours
2014-09-17 12:57:28 DEBUG NetworkManager:109 - distance = 80.60013631060194 radio range: 50.0
2014-09-17 12:57:28 DEBUG NetworkManager:109 - distance = 52.87459931658016 radio range: 50.0
2014-09-17 12:57:28 DEBUG NetworkManager:109 - distance = 5.907891558755895 radio range: 50.0
2014-09-17 12:57:28 DEBUG NetworkManager:135 - << actualizeNaighbours
2014-09-17 12:57:28 DEBUG NetworkManager:96 - << processEvent
2014-09-17 12:57:28 DEBUG EndMoveActivity:33 - << move node: 3
2014-09-17 12:57:28 DEBUG EndMoveActivity:28 - >> move node: 1
2014-09-17 12:57:28 DEBUG GeoRouteMovementAlgorithm:36 - distance to checkpoint: 182.01619445030562
2014-09-17 12:57:28 DEBUG GeoRouteMovementAlgorithm:62 - newPosition: [Latitude: 52.231364939546545 ; Longitude: 21.003698046445493]
2014-09-17 12:57:28 DEBUG EndMoveActivity:30 - moveing from position [Latitude: 52.23136910428206 ; Longitude: 21.003695300153435] to [Latitude: 52.231364939546545 ; Longitude: 21.003698046445493] 
2014-09-17 12:57:28 DEBUG DisSimEngine:137 - >> processEvent
2014-09-17 12:57:28 DEBUG DisSimEngine:162 - << processEvent
2014-09-17 12:57:28 DEBUG SenseSimJFXController:202 - >> processEvent
2014-09-17 12:57:28 DEBUG SenseSimJFXController:239 - << processEvent
2014-09-17 12:57:28 DEBUG NetworkManager:84 - >> processEvent
2014-09-17 12:57:28 DEBUG NetworkManager:92 - NODE_POSITION_CHANGED event
2014-09-17 12:57:28 DEBUG NetworkManager:100 - >> actualizeNaighbours
2014-09-17 12:57:28 DEBUG NetworkManager:109 - distance = 74.17268412076693 radio range: 90.0
2014-09-17 12:57:28 DEBUG NetworkManager:109 - distance = 80.18558533302871 radio range: 90.0
2014-09-17 12:57:28 DEBUG NetworkManager:109 - distance = 76.28227598114259 radio range: 90.0
2014-09-17 12:57:28 DEBUG NetworkManager:135 - << actualizeNaighbours
2014-09-17 12:57:28 DEBUG NetworkManager:96 - << processEvent
2014-09-17 12:57:28 DEBUG EndMoveActivity:33 - << move node: 1
2014-09-17 12:57:29 DEBUG EndMoveActivity:28 - >> move node: 1
2014-09-17 12:57:29 DEBUG GeoRouteMovementAlgorithm:36 - distance to checkpoint: 181.51621065665594
2014-09-17 12:57:29 DEBUG GeoRouteMovementAlgorithm:62 - newPosition: [Latitude: 52.231360774811016 ; Longitude: 21.00370079273729]
2014-09-17 12:57:29 DEBUG EndMoveActivity:30 - moveing from position [Latitude: 52.231364939546545 ; Longitude: 21.003698046445493] to [Latitude: 52.231360774811016 ; Longitude: 21.00370079273729] 
2014-09-17 12:57:29 DEBUG DisSimEngine:137 - >> processEvent
2014-09-17 12:57:29 DEBUG DisSimEngine:162 - << processEvent
2014-09-17 12:57:29 DEBUG SenseSimJFXController:202 - >> processEvent
2014-09-17 12:57:29 DEBUG SenseSimJFXController:239 - << processEvent
2014-09-17 12:57:29 DEBUG NetworkManager:84 - >> processEvent
2014-09-17 12:57:29 DEBUG NetworkManager:92 - NODE_POSITION_CHANGED event
2014-09-17 12:57:29 DEBUG NetworkManager:100 - >> actualizeNaighbours
2014-09-17 12:57:29 DEBUG NetworkManager:109 - distance = 74.0356133516946 radio range: 90.0
2014-09-17 12:57:29 DEBUG NetworkManager:109 - distance = 79.77193738722184 radio range: 90.0
2014-09-17 12:57:29 DEBUG NetworkManager:109 - distance = 75.85335755631084 radio range: 90.0
2014-09-17 12:57:29 DEBUG NetworkManager:135 - << actualizeNaighbours
2014-09-17 12:57:29 DEBUG NetworkManager:96 - << processEvent
2014-09-17 12:57:29 DEBUG EndMoveActivity:33 - << move node: 1
2014-09-17 12:57:29 DEBUG EndMoveActivity:28 - >> move node: 3
2014-09-17 12:57:29 DEBUG GeoRouteMovementAlgorithm:36 - distance to checkpoint: 0.0
2014-09-17 12:57:29 DEBUG GeoRouteMovementAlgorithm:24 - checkpointAchieved: 0
2014-09-17 12:57:29 DEBUG GeoRouteMovementAlgorithm:50 - >> calculateBearing(currentPosition: [Latitude: 52.230963 ; Longitude: 21.004673999999998], nextCheckpoint: [Latitude: 52.230963 ; Longitude: 21.004674])
2014-09-17 12:57:29 DEBUG GeoRouteMovementAlgorithm:52 - new bearing: 90.0
2014-09-17 12:57:29 DEBUG GeoRouteMovementAlgorithm:53 - << calculateBearing
2014-09-17 12:57:29 DEBUG GeoRouteMovementAlgorithm:62 - newPosition: [Latitude: 52.230963 ; Longitude: 21.004673999999998]
2014-09-17 12:57:29 DEBUG EndMoveActivity:30 - moveing from position [Latitude: 52.230963 ; Longitude: 21.004673999999998] to [Latitude: 52.230963 ; Longitude: 21.004673999999998] 
2014-09-17 12:57:29 DEBUG DisSimEngine:137 - >> processEvent
2014-09-17 12:57:29 DEBUG DisSimEngine:162 - << processEvent
2014-09-17 12:57:29 DEBUG SenseSimJFXController:202 - >> processEvent
2014-09-17 12:57:29 DEBUG SenseSimJFXController:239 - << processEvent
2014-09-17 12:57:29 DEBUG NetworkManager:84 - >> processEvent
2014-09-17 12:57:29 DEBUG NetworkManager:92 - NODE_POSITION_CHANGED event
2014-09-17 12:57:29 DEBUG NetworkManager:100 - >> actualizeNaighbours
2014-09-17 12:57:29 DEBUG NetworkManager:109 - distance = 79.77193738722184 radio range: 50.0
2014-09-17 12:57:29 DEBUG NetworkManager:109 - distance = 52.87459931658016 radio range: 50.0
2014-09-17 12:57:29 DEBUG NetworkManager:109 - distance = 5.907891558755895 radio range: 50.0
2014-09-17 12:57:29 DEBUG NetworkManager:135 - << actualizeNaighbours
2014-09-17 12:57:29 DEBUG NetworkManager:96 - << processEvent
2014-09-17 12:57:29 DEBUG EndMoveActivity:33 - << move node: 3
2014-09-17 12:57:29 DEBUG EndMoveActivity:28 - >> move node: 2
2014-09-17 12:57:29 DEBUG GeoRouteMovementAlgorithm:36 - distance to checkpoint: 43.308863448323216
2014-09-17 12:57:29 DEBUG GeoRouteMovementAlgorithm:62 - newPosition: [Latitude: 52.231442062684145 ; Longitude: 21.004784635603613]
2014-09-17 12:57:29 DEBUG EndMoveActivity:30 - moveing from position [Latitude: 52.23143350799337 ; Longitude: 21.004780159944115] to [Latitude: 52.231442062684145 ; Longitude: 21.004784635603613] 
2014-09-17 12:57:29 DEBUG DisSimEngine:137 - >> processEvent
2014-09-17 12:57:29 DEBUG DisSimEngine:162 - << processEvent
2014-09-17 12:57:29 DEBUG SenseSimJFXController:202 - >> processEvent
2014-09-17 12:57:29 DEBUG SenseSimJFXController:239 - << processEvent
2014-09-17 12:57:29 DEBUG NetworkManager:84 - >> processEvent
2014-09-17 12:57:29 DEBUG NetworkManager:92 - NODE_POSITION_CHANGED event
2014-09-17 12:57:29 DEBUG NetworkManager:100 - >> actualizeNaighbours
2014-09-17 12:57:29 DEBUG NetworkManager:109 - distance = 74.44867719207026 radio range: 90.0
2014-09-17 12:57:29 DEBUG NetworkManager:109 - distance = 53.85985932620563 radio range: 90.0
2014-09-17 12:57:29 DEBUG NetworkManager:109 - distance = 56.26521725064797 radio range: 90.0
2014-09-17 12:57:29 DEBUG NetworkManager:135 - << actualizeNaighbours
2014-09-17 12:57:29 DEBUG NetworkManager:96 - << processEvent
2014-09-17 12:57:29 DEBUG EndMoveActivity:33 - << move node: 2
2014-09-17 12:57:29 DEBUG EndMoveActivity:28 - >> move node: 4
2014-09-17 12:57:29 DEBUG GeoRouteMovementAlgorithm:36 - distance to checkpoint: 4.021059243248636
2014-09-17 12:57:29 DEBUG GeoRouteMovementAlgorithm:62 - newPosition: [Latitude: 52.23095394066558 ; Longitude: 21.004575778759964]
2014-09-17 12:57:29 DEBUG EndMoveActivity:30 - moveing from position [Latitude: 52.230950941725126 ; Longitude: 21.004589604164938] to [Latitude: 52.23095394066558 ; Longitude: 21.004575778759964] 
2014-09-17 12:57:29 DEBUG DisSimEngine:137 - >> processEvent
2014-09-17 12:57:29 DEBUG DisSimEngine:162 - << processEvent
2014-09-17 12:57:29 DEBUG SenseSimJFXController:202 - >> processEvent
2014-09-17 12:57:29 DEBUG SenseSimJFXController:239 - << processEvent
2014-09-17 12:57:29 DEBUG NetworkManager:84 - >> processEvent
2014-09-17 12:57:29 DEBUG NetworkManager:92 - NODE_POSITION_CHANGED event
2014-09-17 12:57:29 DEBUG NetworkManager:100 - >> actualizeNaighbours
2014-09-17 12:57:29 DEBUG NetworkManager:109 - distance = 74.9001148963836 radio range: 90.0
2014-09-17 12:57:29 DEBUG NetworkManager:109 - distance = 56.172427895752435 radio range: 90.0
2014-09-17 12:57:29 DEBUG NetworkManager:109 - distance = 6.772676073783837 radio range: 90.0
2014-09-17 12:57:29 DEBUG NetworkManager:135 - << actualizeNaighbours
2014-09-17 12:57:29 DEBUG NetworkManager:96 - << processEvent
2014-09-17 12:57:29 DEBUG EndMoveActivity:33 - << move node: 4
2014-09-17 12:57:29 DEBUG EndMoveActivity:28 - >> move node: 4
2014-09-17 12:57:29 DEBUG GeoRouteMovementAlgorithm:36 - distance to checkpoint: 3.021965723190722
2014-09-17 12:57:29 DEBUG GeoRouteMovementAlgorithm:62 - newPosition: [Latitude: 52.23095693960603 ; Longitude: 21.004561953354063]
2014-09-17 12:57:29 DEBUG EndMoveActivity:30 - moveing from position [Latitude: 52.23095394066558 ; Longitude: 21.004575778759964] to [Latitude: 52.23095693960603 ; Longitude: 21.004561953354063] 
2014-09-17 12:57:29 DEBUG DisSimEngine:137 - >> processEvent
2014-09-17 12:57:29 DEBUG DisSimEngine:162 - << processEvent
2014-09-17 12:57:29 DEBUG SenseSimJFXController:202 - >> processEvent
2014-09-17 12:57:29 DEBUG SenseSimJFXController:239 - << processEvent
2014-09-17 12:57:29 DEBUG NetworkManager:84 - >> processEvent
2014-09-17 12:57:29 DEBUG NetworkManager:92 - NODE_POSITION_CHANGED event
2014-09-17 12:57:29 DEBUG NetworkManager:100 - >> actualizeNaighbours
2014-09-17 12:57:29 DEBUG NetworkManager:109 - distance = 73.94802101251153 radio range: 90.0
2014-09-17 12:57:29 DEBUG NetworkManager:109 - distance = 56.09728080137684 radio range: 90.0
2014-09-17 12:57:29 DEBUG NetworkManager:109 - distance = 7.669572411817884 radio range: 90.0
2014-09-17 12:57:29 DEBUG NetworkManager:135 - << actualizeNaighbours
2014-09-17 12:57:29 DEBUG NetworkManager:96 - << processEvent
2014-09-17 12:57:29 DEBUG EndMoveActivity:33 - << move node: 4
2014-09-17 12:57:29 DEBUG EndMoveActivity:28 - >> move node: 2
2014-09-17 12:57:29 DEBUG GeoRouteMovementAlgorithm:36 - distance to checkpoint: 42.308694392150215
2014-09-17 12:57:29 DEBUG GeoRouteMovementAlgorithm:62 - newPosition: [Latitude: 52.231450617374946 ; Longitude: 21.004789111263975]
2014-09-17 12:57:29 DEBUG EndMoveActivity:30 - moveing from position [Latitude: 52.231442062684145 ; Longitude: 21.004784635603613] to [Latitude: 52.231450617374946 ; Longitude: 21.004789111263975] 
2014-09-17 12:57:29 DEBUG DisSimEngine:137 - >> processEvent
2014-09-17 12:57:29 DEBUG DisSimEngine:162 - << processEvent
2014-09-17 12:57:29 DEBUG SenseSimJFXController:202 - >> processEvent
2014-09-17 12:57:29 DEBUG SenseSimJFXController:239 - << processEvent
2014-09-17 12:57:29 DEBUG NetworkManager:84 - >> processEvent
2014-09-17 12:57:29 DEBUG NetworkManager:92 - NODE_POSITION_CHANGED event
2014-09-17 12:57:29 DEBUG NetworkManager:100 - >> actualizeNaighbours
2014-09-17 12:57:29 DEBUG NetworkManager:109 - distance = 74.87279413178533 radio range: 90.0
2014-09-17 12:57:29 DEBUG NetworkManager:109 - distance = 54.84570126698498 radio range: 90.0
2014-09-17 12:57:29 DEBUG NetworkManager:109 - distance = 57.09662078416395 radio range: 90.0
2014-09-17 12:57:29 DEBUG NetworkManager:135 - << actualizeNaighbours
2014-09-17 12:57:29 DEBUG NetworkManager:96 - << processEvent
2014-09-17 12:57:29 DEBUG EndMoveActivity:33 - << move node: 2
2014-09-17 12:57:29 DEBUG EndMoveActivity:28 - >> move node: 3
2014-09-17 12:57:29 DEBUG GeoRouteMovementAlgorithm:36 - distance to checkpoint: 0.0
2014-09-17 12:57:29 DEBUG GeoRouteMovementAlgorithm:24 - checkpointAchieved: 0
2014-09-17 12:57:29 DEBUG GeoRouteMovementAlgorithm:50 - >> calculateBearing(currentPosition: [Latitude: 52.230963 ; Longitude: 21.004673999999998], nextCheckpoint: [Latitude: 52.230963 ; Longitude: 21.004674])
2014-09-17 12:57:29 DEBUG GeoRouteMovementAlgorithm:52 - new bearing: 90.0
2014-09-17 12:57:29 DEBUG GeoRouteMovementAlgorithm:53 - << calculateBearing
2014-09-17 12:57:29 DEBUG GeoRouteMovementAlgorithm:62 - newPosition: [Latitude: 52.230963 ; Longitude: 21.004673999999998]
2014-09-17 12:57:29 DEBUG EndMoveActivity:30 - moveing from position [Latitude: 52.230963 ; Longitude: 21.004673999999998] to [Latitude: 52.230963 ; Longitude: 21.004673999999998] 
2014-09-17 12:57:29 DEBUG DisSimEngine:137 - >> processEvent
2014-09-17 12:57:29 DEBUG DisSimEngine:162 - << processEvent
2014-09-17 12:57:29 DEBUG SenseSimJFXController:202 - >> processEvent
2014-09-17 12:57:29 DEBUG SenseSimJFXController:239 - << processEvent
2014-09-17 12:57:29 DEBUG NetworkManager:84 - >> processEvent
2014-09-17 12:57:29 DEBUG NetworkManager:92 - NODE_POSITION_CHANGED event
2014-09-17 12:57:29 DEBUG NetworkManager:100 - >> actualizeNaighbours
2014-09-17 12:57:29 DEBUG NetworkManager:109 - distance = 79.77193738722184 radio range: 50.0
2014-09-17 12:57:29 DEBUG NetworkManager:109 - distance = 54.84570126698498 radio range: 50.0
2014-09-17 12:57:29 DEBUG NetworkManager:109 - distance = 7.669572411817884 radio range: 50.0
2014-09-17 12:57:29 DEBUG NetworkManager:135 - << actualizeNaighbours
2014-09-17 12:57:29 DEBUG NetworkManager:96 - << processEvent
2014-09-17 12:57:29 DEBUG EndMoveActivity:33 - << move node: 3
2014-09-17 12:57:29 DEBUG EndMoveActivity:28 - >> move node: 1
2014-09-17 12:57:29 DEBUG GeoRouteMovementAlgorithm:36 - distance to checkpoint: 181.01619319146366
2014-09-17 12:57:29 DEBUG GeoRouteMovementAlgorithm:62 - newPosition: [Latitude: 52.231356610075494 ; Longitude: 21.00370353902883]
2014-09-17 12:57:29 DEBUG EndMoveActivity:30 - moveing from position [Latitude: 52.231360774811016 ; Longitude: 21.00370079273729] to [Latitude: 52.231356610075494 ; Longitude: 21.00370353902883] 
2014-09-17 12:57:29 DEBUG DisSimEngine:137 - >> processEvent
2014-09-17 12:57:29 DEBUG DisSimEngine:162 - << processEvent
2014-09-17 12:57:29 DEBUG SenseSimJFXController:202 - >> processEvent
2014-09-17 12:57:29 DEBUG SenseSimJFXController:239 - << processEvent
2014-09-17 12:57:29 DEBUG NetworkManager:84 - >> processEvent
2014-09-17 12:57:29 DEBUG NetworkManager:92 - NODE_POSITION_CHANGED event
2014-09-17 12:57:29 DEBUG NetworkManager:100 - >> actualizeNaighbours
2014-09-17 12:57:29 DEBUG NetworkManager:109 - distance = 74.75072405961035 radio range: 90.0
2014-09-17 12:57:29 DEBUG NetworkManager:109 - distance = 79.35937732847427 radio range: 90.0
2014-09-17 12:57:29 DEBUG NetworkManager:109 - distance = 73.51801649923867 radio range: 90.0
2014-09-17 12:57:29 DEBUG NetworkManager:135 - << actualizeNaighbours
2014-09-17 12:57:29 DEBUG NetworkManager:96 - << processEvent
2014-09-17 12:57:29 DEBUG EndMoveActivity:33 - << move node: 1
2014-09-17 12:57:30 DEBUG EndMoveActivity:28 - >> move node: 1
2014-09-17 12:57:30 DEBUG GeoRouteMovementAlgorithm:36 - distance to checkpoint: 180.51619181429237
2014-09-17 12:57:30 DEBUG GeoRouteMovementAlgorithm:62 - newPosition: [Latitude: 52.23135244533999 ; Longitude: 21.00370628532011]
2014-09-17 12:57:30 DEBUG EndMoveActivity:30 - moveing from position [Latitude: 52.231356610075494 ; Longitude: 21.00370353902883] to [Latitude: 52.23135244533999 ; Longitude: 21.00370628532011] 
2014-09-17 12:57:30 DEBUG DisSimEngine:137 - >> processEvent
2014-09-17 12:57:30 DEBUG DisSimEngine:162 - << processEvent
2014-09-17 12:57:30 DEBUG SenseSimJFXController:202 - >> processEvent
2014-09-17 12:57:30 DEBUG SenseSimJFXController:239 - << processEvent
2014-09-17 12:57:30 DEBUG NetworkManager:84 - >> processEvent
2014-09-17 12:57:30 DEBUG NetworkManager:92 - NODE_POSITION_CHANGED event
2014-09-17 12:57:30 DEBUG NetworkManager:100 - >> actualizeNaighbours
2014-09-17 12:57:30 DEBUG NetworkManager:109 - distance = 74.63184331770472 radio range: 90.0
2014-09-17 12:57:30 DEBUG NetworkManager:109 - distance = 78.94775058741739 radio range: 90.0
2014-09-17 12:57:30 DEBUG NetworkManager:109 - distance = 73.08881901970645 radio range: 90.0
2014-09-17 12:57:30 DEBUG NetworkManager:135 - << actualizeNaighbours
2014-09-17 12:57:30 DEBUG NetworkManager:96 - << processEvent
2014-09-17 12:57:30 DEBUG EndMoveActivity:33 - << move node: 1
2014-09-17 12:57:30 DEBUG EndMoveActivity:28 - >> move node: 3
2014-09-17 12:57:30 DEBUG GeoRouteMovementAlgorithm:36 - distance to checkpoint: 0.0
2014-09-17 12:57:30 DEBUG GeoRouteMovementAlgorithm:24 - checkpointAchieved: 0
2014-09-17 12:57:30 DEBUG GeoRouteMovementAlgorithm:50 - >> calculateBearing(currentPosition: [Latitude: 52.230963 ; Longitude: 21.004673999999998], nextCheckpoint: [Latitude: 52.230963 ; Longitude: 21.004674])
2014-09-17 12:57:30 DEBUG GeoRouteMovementAlgorithm:52 - new bearing: 90.0
2014-09-17 12:57:30 DEBUG GeoRouteMovementAlgorithm:53 - << calculateBearing
2014-09-17 12:57:30 DEBUG GeoRouteMovementAlgorithm:62 - newPosition: [Latitude: 52.230963 ; Longitude: 21.004673999999998]
2014-09-17 12:57:30 DEBUG EndMoveActivity:30 - moveing from position [Latitude: 52.230963 ; Longitude: 21.004673999999998] to [Latitude: 52.230963 ; Longitude: 21.004673999999998] 
2014-09-17 12:57:30 DEBUG DisSimEngine:137 - >> processEvent
2014-09-17 12:57:30 DEBUG DisSimEngine:162 - << processEvent
2014-09-17 12:57:30 DEBUG SenseSimJFXController:202 - >> processEvent
2014-09-17 12:57:30 DEBUG SenseSimJFXController:239 - << processEvent
2014-09-17 12:57:30 DEBUG NetworkManager:84 - >> processEvent
2014-09-17 12:57:30 DEBUG NetworkManager:92 - NODE_POSITION_CHANGED event
2014-09-17 12:57:30 DEBUG NetworkManager:100 - >> actualizeNaighbours
2014-09-17 12:57:30 DEBUG NetworkManager:109 - distance = 78.94775058741739 radio range: 50.0
2014-09-17 12:57:30 DEBUG NetworkManager:109 - distance = 54.84570126698498 radio range: 50.0
2014-09-17 12:57:30 DEBUG NetworkManager:109 - distance = 7.669572411817884 radio range: 50.0
2014-09-17 12:57:30 DEBUG NetworkManager:135 - << actualizeNaighbours
2014-09-17 12:57:30 DEBUG NetworkManager:96 - << processEvent
2014-09-17 12:57:30 DEBUG EndMoveActivity:33 - << move node: 3
2014-09-17 12:57:30 DEBUG EndMoveActivity:28 - >> move node: 2
2014-09-17 12:57:30 DEBUG GeoRouteMovementAlgorithm:36 - distance to checkpoint: 41.3088000559163
2014-09-17 12:57:30 DEBUG GeoRouteMovementAlgorithm:62 - newPosition: [Latitude: 52.23145917206573 ; Longitude: 21.004793586925192]
2014-09-17 12:57:30 DEBUG EndMoveActivity:30 - moveing from position [Latitude: 52.231450617374946 ; Longitude: 21.004789111263975] to [Latitude: 52.23145917206573 ; Longitude: 21.004793586925192] 
2014-09-17 12:57:30 DEBUG DisSimEngine:137 - >> processEvent
2014-09-17 12:57:30 DEBUG DisSimEngine:162 - << processEvent
2014-09-17 12:57:30 DEBUG SenseSimJFXController:202 - >> processEvent
2014-09-17 12:57:30 DEBUG SenseSimJFXController:239 - << processEvent
2014-09-17 12:57:30 DEBUG NetworkManager:84 - >> processEvent
2014-09-17 12:57:30 DEBUG NetworkManager:92 - NODE_POSITION_CHANGED event
2014-09-17 12:57:30 DEBUG NetworkManager:100 - >> actualizeNaighbours
2014-09-17 12:57:30 DEBUG NetworkManager:109 - distance = 75.07857043094668 radio range: 90.0
2014-09-17 12:57:30 DEBUG NetworkManager:109 - distance = 55.83217520650405 radio range: 90.0
2014-09-17 12:57:30 DEBUG NetworkManager:109 - distance = 58.09602915614518 radio range: 90.0
2014-09-17 12:57:30 DEBUG NetworkManager:135 - << actualizeNaighbours
2014-09-17 12:57:30 DEBUG NetworkManager:96 - << processEvent
2014-09-17 12:57:30 DEBUG EndMoveActivity:33 - << move node: 2
2014-09-17 12:57:30 DEBUG EndMoveActivity:28 - >> move node: 4
2014-09-17 12:57:30 DEBUG GeoRouteMovementAlgorithm:36 - distance to checkpoint: 2.0206131435512966
2014-09-17 12:57:30 DEBUG GeoRouteMovementAlgorithm:62 - newPosition: [Latitude: 52.230959938546484 ; Longitude: 21.004548127947224]
2014-09-17 12:57:30 DEBUG EndMoveActivity:30 - moveing from position [Latitude: 52.23095693960603 ; Longitude: 21.004561953354063] to [Latitude: 52.230959938546484 ; Longitude: 21.004548127947224] 
2014-09-17 12:57:30 DEBUG DisSimEngine:137 - >> processEvent
2014-09-17 12:57:30 DEBUG DisSimEngine:162 - << processEvent
2014-09-17 12:57:30 DEBUG SenseSimJFXController:202 - >> processEvent
2014-09-17 12:57:30 DEBUG SenseSimJFXController:239 - << processEvent
2014-09-17 12:57:30 DEBUG NetworkManager:84 - >> processEvent
2014-09-17 12:57:30 DEBUG NetworkManager:92 - NODE_POSITION_CHANGED event
2014-09-17 12:57:30 DEBUG NetworkManager:100 - >> actualizeNaighbours
2014-09-17 12:57:30 DEBUG NetworkManager:109 - distance = 72.13592178256975 radio range: 90.0
2014-09-17 12:57:30 DEBUG NetworkManager:109 - distance = 58.0395615730236 radio range: 90.0
2014-09-17 12:57:30 DEBUG NetworkManager:109 - distance = 8.589052038725283 radio range: 90.0
2014-09-17 12:57:30 DEBUG NetworkManager:135 - << actualizeNaighbours
2014-09-17 12:57:30 DEBUG NetworkManager:96 - << processEvent
2014-09-17 12:57:30 DEBUG EndMoveActivity:33 - << move node: 4
2014-09-17 12:57:30 DEBUG EndMoveActivity:28 - >> move node: 4
2014-09-17 12:57:30 DEBUG GeoRouteMovementAlgorithm:36 - distance to checkpoint: 1.0236298712337757
2014-09-17 12:57:30 DEBUG GeoRouteMovementAlgorithm:62 - newPosition: [Latitude: 52.23096293748693 ; Longitude: 21.004534302539454]
2014-09-17 12:57:30 DEBUG EndMoveActivity:30 - moveing from position [Latitude: 52.230959938546484 ; Longitude: 21.004548127947224] to [Latitude: 52.23096293748693 ; Longitude: 21.004534302539454] 
2014-09-17 12:57:30 DEBUG DisSimEngine:137 - >> processEvent
2014-09-17 12:57:30 DEBUG DisSimEngine:162 - << processEvent
2014-09-17 12:57:30 DEBUG SenseSimJFXController:202 - >> processEvent
2014-09-17 12:57:30 DEBUG SenseSimJFXController:239 - << processEvent
2014-09-17 12:57:30 DEBUG NetworkManager:84 - >> processEvent
2014-09-17 12:57:30 DEBUG NetworkManager:92 - NODE_POSITION_CHANGED event
2014-09-17 12:57:30 DEBUG NetworkManager:100 - >> actualizeNaighbours
2014-09-17 12:57:30 DEBUG NetworkManager:109 - distance = 71.18441751633848 radio range: 90.0
2014-09-17 12:57:30 DEBUG NetworkManager:109 - distance = 58.000328607214115 radio range: 90.0
2014-09-17 12:57:30 DEBUG NetworkManager:109 - distance = 9.525050968189776 radio range: 90.0
2014-09-17 12:57:30 DEBUG NetworkManager:135 - << actualizeNaighbours
2014-09-17 12:57:30 DEBUG NetworkManager:96 - << processEvent
2014-09-17 12:57:30 DEBUG EndMoveActivity:33 - << move node: 4
2014-09-17 12:57:30 DEBUG EndMoveActivity:28 - >> move node: 2
2014-09-17 12:57:30 DEBUG GeoRouteMovementAlgorithm:36 - distance to checkpoint: 40.3087526996352
2014-09-17 12:57:30 DEBUG GeoRouteMovementAlgorithm:62 - newPosition: [Latitude: 52.23146772675651 ; Longitude: 21.004798062587273]
2014-09-17 12:57:30 DEBUG EndMoveActivity:30 - moveing from position [Latitude: 52.23145917206573 ; Longitude: 21.004793586925192] to [Latitude: 52.23146772675651 ; Longitude: 21.004798062587273] 
2014-09-17 12:57:30 DEBUG DisSimEngine:137 - >> processEvent
2014-09-17 12:57:30 DEBUG DisSimEngine:162 - << processEvent
2014-09-17 12:57:30 DEBUG SenseSimJFXController:202 - >> processEvent
2014-09-17 12:57:30 DEBUG SenseSimJFXController:239 - << processEvent
2014-09-17 12:57:30 DEBUG NetworkManager:84 - >> processEvent
2014-09-17 12:57:30 DEBUG NetworkManager:92 - NODE_POSITION_CHANGED event
2014-09-17 12:57:30 DEBUG NetworkManager:100 - >> actualizeNaighbours
2014-09-17 12:57:30 DEBUG NetworkManager:109 - distance = 75.53575078891743 radio range: 90.0
2014-09-17 12:57:30 DEBUG NetworkManager:109 - distance = 56.81900976224046 radio range: 90.0
2014-09-17 12:57:30 DEBUG NetworkManager:109 - distance = 59.00035138503868 radio range: 90.0
2014-09-17 12:57:30 DEBUG NetworkManager:135 - << actualizeNaighbours
2014-09-17 12:57:30 DEBUG NetworkManager:96 - << processEvent
2014-09-17 12:57:30 DEBUG EndMoveActivity:33 - << move node: 2
2014-09-17 12:57:30 DEBUG EndMoveActivity:28 - >> move node: 3
2014-09-17 12:57:30 DEBUG GeoRouteMovementAlgorithm:36 - distance to checkpoint: 0.0
2014-09-17 12:57:30 DEBUG GeoRouteMovementAlgorithm:24 - checkpointAchieved: 0
2014-09-17 12:57:30 DEBUG GeoRouteMovementAlgorithm:50 - >> calculateBearing(currentPosition: [Latitude: 52.230963 ; Longitude: 21.004673999999998], nextCheckpoint: [Latitude: 52.230963 ; Longitude: 21.004674])
2014-09-17 12:57:30 DEBUG GeoRouteMovementAlgorithm:52 - new bearing: 90.0
2014-09-17 12:57:30 DEBUG GeoRouteMovementAlgorithm:53 - << calculateBearing
2014-09-17 12:57:30 DEBUG GeoRouteMovementAlgorithm:62 - newPosition: [Latitude: 52.230963 ; Longitude: 21.004673999999998]
2014-09-17 12:57:30 DEBUG EndMoveActivity:30 - moveing from position [Latitude: 52.230963 ; Longitude: 21.004673999999998] to [Latitude: 52.230963 ; Longitude: 21.004673999999998] 
2014-09-17 12:57:30 DEBUG DisSimEngine:137 - >> processEvent
2014-09-17 12:57:30 DEBUG DisSimEngine:162 - << processEvent
2014-09-17 12:57:30 DEBUG SenseSimJFXController:202 - >> processEvent
2014-09-17 12:57:30 DEBUG SenseSimJFXController:239 - << processEvent
2014-09-17 12:57:30 DEBUG NetworkManager:84 - >> processEvent
2014-09-17 12:57:30 DEBUG NetworkManager:92 - NODE_POSITION_CHANGED event
2014-09-17 12:57:30 DEBUG NetworkManager:100 - >> actualizeNaighbours
2014-09-17 12:57:30 DEBUG NetworkManager:109 - distance = 78.94775058741739 radio range: 50.0
2014-09-17 12:57:30 DEBUG NetworkManager:109 - distance = 56.81900976224046 radio range: 50.0
2014-09-17 12:57:30 DEBUG NetworkManager:109 - distance = 9.525050968189776 radio range: 50.0
2014-09-17 12:57:30 DEBUG NetworkManager:135 - << actualizeNaighbours
2014-09-17 12:57:30 DEBUG NetworkManager:96 - << processEvent
2014-09-17 12:57:30 DEBUG EndMoveActivity:33 - << move node: 3
2014-09-17 12:57:30 DEBUG EndMoveActivity:28 - >> move node: 1
2014-09-17 12:57:30 DEBUG GeoRouteMovementAlgorithm:36 - distance to checkpoint: 180.01620665919722
2014-09-17 12:57:30 DEBUG GeoRouteMovementAlgorithm:62 - newPosition: [Latitude: 52.23134828060447 ; Longitude: 21.003709031611134]
2014-09-17 12:57:30 DEBUG EndMoveActivity:30 - moveing from position [Latitude: 52.23135244533999 ; Longitude: 21.00370628532011] to [Latitude: 52.23134828060447 ; Longitude: 21.003709031611134] 
2014-09-17 12:57:30 DEBUG DisSimEngine:137 - >> processEvent
2014-09-17 12:57:30 DEBUG DisSimEngine:162 - << processEvent
2014-09-17 12:57:30 DEBUG SenseSimJFXController:202 - >> processEvent
2014-09-17 12:57:30 DEBUG SenseSimJFXController:239 - << processEvent
2014-09-17 12:57:30 DEBUG NetworkManager:84 - >> processEvent
2014-09-17 12:57:30 DEBUG NetworkManager:92 - NODE_POSITION_CHANGED event
2014-09-17 12:57:30 DEBUG NetworkManager:100 - >> actualizeNaighbours
2014-09-17 12:57:30 DEBUG NetworkManager:109 - distance = 75.43158053912877 radio range: 90.0
2014-09-17 12:57:30 DEBUG NetworkManager:109 - distance = 78.53724436090732 radio range: 90.0
2014-09-17 12:57:30 DEBUG NetworkManager:109 - distance = 70.7539586287373 radio range: 90.0
2014-09-17 12:57:30 DEBUG NetworkManager:135 - << actualizeNaighbours
2014-09-17 12:57:30 DEBUG NetworkManager:96 - << processEvent
2014-09-17 12:57:30 DEBUG EndMoveActivity:33 - << move node: 1
