2014-08-11 16:13:39 DEBUG NetworkManager:135 - << actualizeNaighbours
2014-08-11 16:13:39 DEBUG NetworkManager:84 - >> processEvent
2014-08-11 16:13:39 DEBUG NetworkManager:96 - << processEvent
2014-08-11 16:13:39 DEBUG NetworkManager:100 - >> actualizeNaighbours
2014-08-11 16:13:43 DEBUG NetworkManager:109 - distance = 0.0 radio range: 90.0
2014-08-11 16:13:43 DEBUG NetworkManager:113 - adding edge: [2;1]
2014-08-11 16:13:43 DEBUG NetworkManager:84 - >> processEvent
2014-08-11 16:13:43 DEBUG NetworkManager:96 - << processEvent
2014-08-11 16:13:43 DEBUG NetworkManager:135 - << actualizeNaighbours
2014-08-11 16:13:43 DEBUG NetworkManager:84 - >> processEvent
2014-08-11 16:13:43 DEBUG NetworkManager:96 - << processEvent
2014-08-11 16:13:43 DEBUG NetworkManager:100 - >> actualizeNaighbours
2014-08-11 16:13:43 DEBUG NetworkManager:109 - distance = 2449118.7480614637 radio range: 90.0
2014-08-11 16:13:43 DEBUG NetworkManager:109 - distance = 2449118.7480614637 radio range: 90.0
2014-08-11 16:13:43 DEBUG NetworkManager:135 - << actualizeNaighbours
2014-08-11 16:13:43 DEBUG NetworkManager:84 - >> processEvent
2014-08-11 16:13:43 DEBUG NetworkManager:96 - << processEvent
2014-08-11 16:14:11 DEBUG NetworkManager:100 - >> actualizeNaighbours
2014-08-11 16:14:11 DEBUG NetworkManager:135 - << actualizeNaighbours
2014-08-11 16:14:11 DEBUG NetworkManager:84 - >> processEvent
2014-08-11 16:14:11 DEBUG NetworkManager:96 - << processEvent
2014-08-11 16:14:11 DEBUG NetworkManager:100 - >> actualizeNaighbours
2014-08-11 16:14:11 DEBUG NetworkManager:109 - distance = 0.0 radio range: 90.0
2014-08-11 16:14:11 DEBUG NetworkManager:113 - adding edge: [2;1]
2014-08-11 16:14:11 DEBUG NetworkManager:84 - >> processEvent
2014-08-11 16:14:11 DEBUG NetworkManager:96 - << processEvent
2014-08-11 16:14:11 DEBUG NetworkManager:135 - << actualizeNaighbours
2014-08-11 16:14:11 DEBUG NetworkManager:84 - >> processEvent
2014-08-11 16:14:11 DEBUG NetworkManager:96 - << processEvent
2014-08-11 16:14:11 DEBUG NetworkManager:100 - >> actualizeNaighbours
2014-08-11 16:14:11 DEBUG NetworkManager:109 - distance = 2449118.7480614637 radio range: 90.0
2014-08-11 16:14:11 DEBUG NetworkManager:109 - distance = 2449118.7480614637 radio range: 90.0
2014-08-11 16:14:11 DEBUG NetworkManager:135 - << actualizeNaighbours
2014-08-11 16:14:11 DEBUG NetworkManager:84 - >> processEvent
2014-08-11 16:14:11 DEBUG NetworkManager:96 - << processEvent
2014-08-11 16:14:17 DEBUG NetworkManager:100 - >> actualizeNaighbours
2014-08-11 16:14:17 DEBUG NetworkManager:135 - << actualizeNaighbours
2014-08-11 16:14:17 DEBUG NetworkManager:84 - >> processEvent
2014-08-11 16:14:17 DEBUG NetworkManager:96 - << processEvent
2014-08-11 16:14:17 DEBUG NetworkManager:100 - >> actualizeNaighbours
2014-08-11 16:14:17 DEBUG NetworkManager:109 - distance = 0.0 radio range: 90.0
2014-08-11 16:14:17 DEBUG NetworkManager:113 - adding edge: [2;1]
2014-08-11 16:14:17 DEBUG NetworkManager:84 - >> processEvent
2014-08-11 16:14:17 DEBUG NetworkManager:96 - << processEvent
2014-08-11 16:14:17 DEBUG NetworkManager:135 - << actualizeNaighbours
2014-08-11 16:14:17 DEBUG NetworkManager:84 - >> processEvent
2014-08-11 16:14:17 DEBUG NetworkManager:96 - << processEvent
2014-08-11 16:14:17 DEBUG NetworkManager:100 - >> actualizeNaighbours
2014-08-11 16:14:17 DEBUG NetworkManager:109 - distance = 2449118.7480614637 radio range: 90.0
2014-08-11 16:14:17 DEBUG NetworkManager:109 - distance = 2449118.7480614637 radio range: 90.0
2014-08-11 16:14:17 DEBUG NetworkManager:135 - << actualizeNaighbours
2014-08-11 16:14:17 DEBUG NetworkManager:84 - >> processEvent
2014-08-11 16:14:17 DEBUG NetworkManager:96 - << processEvent
2014-08-11 16:16:43 DEBUG NetworkManager:100 - >> actualizeNaighbours
2014-08-11 16:16:43 DEBUG NetworkManager:135 - << actualizeNaighbours
2014-08-11 16:16:43 DEBUG NetworkManager:84 - >> processEvent
2014-08-11 16:16:43 DEBUG NetworkManager:96 - << processEvent
2014-08-11 16:16:43 DEBUG NetworkManager:100 - >> actualizeNaighbours
2014-08-11 16:16:43 DEBUG NetworkManager:109 - distance = 0.0 radio range: 90.0
2014-08-11 16:16:43 DEBUG NetworkManager:113 - adding edge: [2;1]
2014-08-11 16:16:43 DEBUG NetworkManager:84 - >> processEvent
2014-08-11 16:16:43 DEBUG NetworkManager:96 - << processEvent
2014-08-11 16:16:43 DEBUG NetworkManager:135 - << actualizeNaighbours
2014-08-11 16:16:43 DEBUG NetworkManager:84 - >> processEvent
2014-08-11 16:16:43 DEBUG NetworkManager:96 - << processEvent
2014-08-11 16:16:43 DEBUG NetworkManager:100 - >> actualizeNaighbours
2014-08-11 16:16:43 DEBUG NetworkManager:109 - distance = 2449118.7480614637 radio range: 90.0
2014-08-11 16:16:43 DEBUG NetworkManager:109 - distance = 2449118.7480614637 radio range: 90.0
2014-08-11 16:16:43 DEBUG NetworkManager:135 - << actualizeNaighbours
2014-08-11 16:16:43 DEBUG NetworkManager:84 - >> processEvent
2014-08-11 16:16:43 DEBUG NetworkManager:96 - << processEvent
2014-08-11 16:18:58 DEBUG NetworkManager:100 - >> actualizeNaighbours
2014-08-11 16:18:58 DEBUG NetworkManager:135 - << actualizeNaighbours
2014-08-11 16:18:58 DEBUG NetworkManager:84 - >> processEvent
2014-08-11 16:18:58 DEBUG NetworkManager:96 - << processEvent
2014-08-11 16:18:58 DEBUG NetworkManager:100 - >> actualizeNaighbours
2014-08-11 16:18:58 DEBUG NetworkManager:109 - distance = 0.0 radio range: 90.0
2014-08-11 16:18:58 DEBUG NetworkManager:113 - adding edge: [2;1]
2014-08-11 16:18:58 DEBUG NetworkManager:84 - >> processEvent
2014-08-11 16:18:58 DEBUG NetworkManager:96 - << processEvent
2014-08-11 16:18:58 DEBUG NetworkManager:135 - << actualizeNaighbours
2014-08-11 16:18:58 DEBUG NetworkManager:84 - >> processEvent
2014-08-11 16:18:58 DEBUG NetworkManager:96 - << processEvent
2014-08-11 16:18:58 DEBUG NetworkManager:100 - >> actualizeNaighbours
2014-08-11 16:18:58 DEBUG NetworkManager:109 - distance = 2449118.7480614637 radio range: 90.0
2014-08-11 16:18:58 DEBUG NetworkManager:109 - distance = 2449118.7480614637 radio range: 90.0
2014-08-11 16:18:58 DEBUG NetworkManager:135 - << actualizeNaighbours
2014-08-11 16:18:58 DEBUG NetworkManager:84 - >> processEvent
2014-08-11 16:18:58 DEBUG NetworkManager:96 - << processEvent
2014-08-11 16:18:58 DEBUG NetworkManager:100 - >> actualizeNaighbours
2014-08-11 16:18:58 DEBUG NetworkManager:109 - distance = 0.0 radio range: 90.0
2014-08-11 16:18:58 DEBUG NetworkManager:109 - distance = 2449118.7480614637 radio range: 90.0
2014-08-11 16:18:58 DEBUG NetworkManager:135 - << actualizeNaighbours
2014-08-11 16:18:58 DEBUG NetworkManager:100 - >> actualizeNaighbours
2014-08-11 16:18:58 DEBUG NetworkManager:109 - distance = 0.0 radio range: 90.0
2014-08-11 16:18:58 DEBUG NetworkManager:109 - distance = 2449118.7480614637 radio range: 90.0
2014-08-11 16:18:58 DEBUG NetworkManager:135 - << actualizeNaighbours
2014-08-11 16:18:58 DEBUG NetworkManager:100 - >> actualizeNaighbours
2014-08-11 16:18:58 DEBUG NetworkManager:109 - distance = 2449118.7480614637 radio range: 90.0
2014-08-11 16:18:58 DEBUG NetworkManager:109 - distance = 2449118.7480614637 radio range: 90.0
2014-08-11 16:18:58 DEBUG NetworkManager:135 - << actualizeNaighbours
2014-08-11 16:23:16 DEBUG NetworkManager:100 - >> actualizeNaighbours
2014-08-11 16:23:16 DEBUG NetworkManager:135 - << actualizeNaighbours
2014-08-11 16:23:16 DEBUG NetworkManager:84 - >> processEvent
2014-08-11 16:23:16 DEBUG NetworkManager:96 - << processEvent
2014-08-11 16:23:16 DEBUG NetworkManager:100 - >> actualizeNaighbours
2014-08-11 16:23:16 DEBUG NetworkManager:109 - distance = 0.0 radio range: 90.0
2014-08-11 16:23:16 DEBUG NetworkManager:113 - adding edge: [2;1]
2014-08-11 16:23:16 DEBUG NetworkManager:84 - >> processEvent
2014-08-11 16:23:16 DEBUG NetworkManager:96 - << processEvent
2014-08-11 16:23:16 DEBUG NetworkManager:135 - << actualizeNaighbours
2014-08-11 16:23:16 DEBUG NetworkManager:84 - >> processEvent
2014-08-11 16:23:16 DEBUG NetworkManager:96 - << processEvent
2014-08-11 16:23:16 DEBUG NetworkManager:100 - >> actualizeNaighbours
2014-08-11 16:23:16 DEBUG NetworkManager:109 - distance = 2449118.7480614637 radio range: 90.0
2014-08-11 16:23:16 DEBUG NetworkManager:109 - distance = 2449118.7480614637 radio range: 90.0
2014-08-11 16:23:16 DEBUG NetworkManager:135 - << actualizeNaighbours
2014-08-11 16:23:16 DEBUG NetworkManager:84 - >> processEvent
2014-08-11 16:23:16 DEBUG NetworkManager:96 - << processEvent
2014-08-11 16:23:16 DEBUG NetworkManager:100 - >> actualizeNaighbours
2014-08-11 16:23:16 DEBUG NetworkManager:109 - distance = 0.0 radio range: 90.0
2014-08-11 16:23:16 DEBUG NetworkManager:109 - distance = 2449118.7480614637 radio range: 90.0
2014-08-11 16:23:16 DEBUG NetworkManager:135 - << actualizeNaighbours
2014-08-11 16:23:16 DEBUG NetworkManager:100 - >> actualizeNaighbours
2014-08-11 16:23:16 DEBUG NetworkManager:109 - distance = 0.0 radio range: 90.0
2014-08-11 16:23:16 DEBUG NetworkManager:109 - distance = 2449118.7480614637 radio range: 90.0
2014-08-11 16:23:16 DEBUG NetworkManager:135 - << actualizeNaighbours
2014-08-11 16:23:16 DEBUG NetworkManager:100 - >> actualizeNaighbours
2014-08-11 16:23:16 DEBUG NetworkManager:109 - distance = 2449118.7480614637 radio range: 90.0
2014-08-11 16:23:16 DEBUG NetworkManager:109 - distance = 2449118.7480614637 radio range: 90.0
2014-08-11 16:23:16 DEBUG NetworkManager:135 - << actualizeNaighbours
2014-08-11 16:23:17 DEBUG XmlTypeConverter:47 - >>> readPhenomenonValuesFromFile [filePath = D:\_Doktorat\Projekt badawczy\Workspace\SenseSim\SenseSim-logic\target\test-classes\phenomenaValueTest.csv]
2014-08-11 16:23:17 DEBUG XmlTypeConverter:93 - <<<t readPhenomenonValuesFromFile
2014-08-11 16:23:17 DEBUG XMLScenario:96 - >>> getPhenomena()
2014-08-11 16:23:17 DEBUG XMLScenario:99 - Size of phenomena: 1
2014-08-11 16:23:17 DEBUG XmlTypeConverter:47 - >>> readPhenomenonValuesFromFile [filePath = D:\_Doktorat\Projekt badawczy\Workspace\SenseSim\SenseSim-logic\target\test-classes/phenomenaValueTest.csv]
2014-08-11 16:23:17 DEBUG XmlTypeConverter:93 - <<<t readPhenomenonValuesFromFile
2014-08-11 16:23:17 DEBUG XMLScenario:119 - <<< getPhenomena()
2014-08-11 16:33:53 DEBUG NetworkManager:100 - >> actualizeNaighbours
2014-08-11 16:33:53 DEBUG NetworkManager:135 - << actualizeNaighbours
2014-08-11 16:33:53 DEBUG NetworkManager:84 - >> processEvent
2014-08-11 16:33:53 DEBUG NetworkManager:96 - << processEvent
2014-08-11 16:33:53 DEBUG NetworkManager:100 - >> actualizeNaighbours
2014-08-11 16:33:53 DEBUG NetworkManager:109 - distance = 0.0 radio range: 90.0
2014-08-11 16:33:53 DEBUG NetworkManager:113 - adding edge: [2;1]
2014-08-11 16:33:53 DEBUG NetworkManager:84 - >> processEvent
2014-08-11 16:33:53 DEBUG NetworkManager:96 - << processEvent
2014-08-11 16:33:53 DEBUG NetworkManager:135 - << actualizeNaighbours
2014-08-11 16:33:53 DEBUG NetworkManager:84 - >> processEvent
2014-08-11 16:33:53 DEBUG NetworkManager:96 - << processEvent
2014-08-11 16:33:53 DEBUG NetworkManager:100 - >> actualizeNaighbours
2014-08-11 16:33:53 DEBUG NetworkManager:109 - distance = 2449118.7480614637 radio range: 90.0
2014-08-11 16:33:53 DEBUG NetworkManager:109 - distance = 2449118.7480614637 radio range: 90.0
2014-08-11 16:33:53 DEBUG NetworkManager:135 - << actualizeNaighbours
2014-08-11 16:33:53 DEBUG NetworkManager:84 - >> processEvent
2014-08-11 16:33:53 DEBUG NetworkManager:96 - << processEvent
2014-08-11 16:33:53 DEBUG NetworkManager:100 - >> actualizeNaighbours
2014-08-11 16:33:53 DEBUG NetworkManager:109 - distance = 0.0 radio range: 90.0
2014-08-11 16:33:53 DEBUG NetworkManager:109 - distance = 2449118.7480614637 radio range: 90.0
2014-08-11 16:33:53 DEBUG NetworkManager:135 - << actualizeNaighbours
2014-08-11 16:33:53 DEBUG NetworkManager:100 - >> actualizeNaighbours
2014-08-11 16:33:53 DEBUG NetworkManager:109 - distance = 0.0 radio range: 90.0
2014-08-11 16:33:53 DEBUG NetworkManager:109 - distance = 2449118.7480614637 radio range: 90.0
2014-08-11 16:33:53 DEBUG NetworkManager:135 - << actualizeNaighbours
2014-08-11 16:33:53 DEBUG NetworkManager:100 - >> actualizeNaighbours
2014-08-11 16:33:53 DEBUG NetworkManager:109 - distance = 2449118.7480614637 radio range: 90.0
2014-08-11 16:33:53 DEBUG NetworkManager:109 - distance = 2449118.7480614637 radio range: 90.0
2014-08-11 16:33:53 DEBUG NetworkManager:135 - << actualizeNaighbours
2014-08-11 16:33:53 DEBUG XmlTypeConverter:47 - >>> readPhenomenonValuesFromFile [filePath = D:\_Doktorat\Projekt badawczy\Workspace\SenseSim\SenseSim-logic\target\test-classes\phenomenaValueTest.csv]
2014-08-11 16:33:53 DEBUG XmlTypeConverter:93 - <<<t readPhenomenonValuesFromFile
2014-08-11 16:33:54 DEBUG XMLScenario:98 - >>> getPhenomena()
2014-08-11 16:33:54 DEBUG XMLScenario:101 - Size of phenomena: 1
2014-08-11 16:33:54 DEBUG XmlTypeConverter:47 - >>> readPhenomenonValuesFromFile [filePath = D:\_Doktorat\Projekt badawczy\Workspace\SenseSim\SenseSim-logic\target\test-classes/phenomenaValueTest.csv]
2014-08-11 16:33:54 DEBUG XmlTypeConverter:93 - <<<t readPhenomenonValuesFromFile
2014-08-11 16:33:54 DEBUG XMLScenario:121 - <<< getPhenomena()
2014-08-14 09:57:38 DEBUG NetworkManager:100 - >> actualizeNaighbours
2014-08-14 09:57:38 DEBUG NetworkManager:135 - << actualizeNaighbours
2014-08-14 09:57:38 DEBUG NetworkManager:84 - >> processEvent
2014-08-14 09:57:38 DEBUG NetworkManager:96 - << processEvent
2014-08-14 09:57:38 DEBUG NetworkManager:100 - >> actualizeNaighbours
2014-08-14 09:57:38 DEBUG NetworkManager:109 - distance = 0.0 radio range: 90.0
2014-08-14 09:57:38 DEBUG NetworkManager:113 - adding edge: [2;1]
2014-08-14 09:57:38 DEBUG NetworkManager:84 - >> processEvent
2014-08-14 09:57:38 DEBUG NetworkManager:96 - << processEvent
2014-08-14 09:57:38 DEBUG NetworkManager:135 - << actualizeNaighbours
2014-08-14 09:57:38 DEBUG NetworkManager:84 - >> processEvent
2014-08-14 09:57:38 DEBUG NetworkManager:96 - << processEvent
2014-08-14 09:57:38 DEBUG NetworkManager:100 - >> actualizeNaighbours
2014-08-14 09:57:38 DEBUG NetworkManager:109 - distance = 2449118.7480614637 radio range: 90.0
2014-08-14 09:57:38 DEBUG NetworkManager:109 - distance = 2449118.7480614637 radio range: 90.0
2014-08-14 09:57:38 DEBUG NetworkManager:135 - << actualizeNaighbours
2014-08-14 09:57:38 DEBUG NetworkManager:84 - >> processEvent
2014-08-14 09:57:38 DEBUG NetworkManager:96 - << processEvent
2014-08-14 09:57:38 DEBUG NetworkManager:100 - >> actualizeNaighbours
2014-08-14 09:57:38 DEBUG NetworkManager:109 - distance = 0.0 radio range: 90.0
2014-08-14 09:57:38 DEBUG NetworkManager:109 - distance = 2449118.7480614637 radio range: 90.0
2014-08-14 09:57:38 DEBUG NetworkManager:135 - << actualizeNaighbours
2014-08-14 09:57:38 DEBUG NetworkManager:100 - >> actualizeNaighbours
2014-08-14 09:57:38 DEBUG NetworkManager:109 - distance = 0.0 radio range: 90.0
2014-08-14 09:57:38 DEBUG NetworkManager:109 - distance = 2449118.7480614637 radio range: 90.0
2014-08-14 09:57:38 DEBUG NetworkManager:135 - << actualizeNaighbours
2014-08-14 09:57:38 DEBUG NetworkManager:100 - >> actualizeNaighbours
2014-08-14 09:57:38 DEBUG NetworkManager:109 - distance = 2449118.7480614637 radio range: 90.0
2014-08-14 09:57:38 DEBUG NetworkManager:109 - distance = 2449118.7480614637 radio range: 90.0
2014-08-14 09:57:38 DEBUG NetworkManager:135 - << actualizeNaighbours
2014-08-14 09:57:38 DEBUG XmlTypeConverter:47 - >>> readPhenomenonValuesFromFile [filePath = D:\_Doktorat\Projekt badawczy\Workspace\SenseSim\SenseSim-logic\target\test-classes\phenomenaValueTest.csv]
2014-08-14 09:57:38 DEBUG XmlTypeConverter:93 - <<<t readPhenomenonValuesFromFile
2014-08-14 09:57:38 DEBUG XMLScenario:98 - >>> getPhenomena()
2014-08-14 09:57:38 DEBUG XMLScenario:101 - Size of phenomena: 1
2014-08-14 09:57:38 DEBUG XmlTypeConverter:47 - >>> readPhenomenonValuesFromFile [filePath = D:\_Doktorat\Projekt badawczy\Workspace\SenseSim\SenseSim-logic\target\test-classes/phenomenaValueTest.csv]
2014-08-14 09:57:38 DEBUG XmlTypeConverter:93 - <<<t readPhenomenonValuesFromFile
2014-08-14 09:57:38 DEBUG XMLScenario:121 - <<< getPhenomena()
2014-08-14 10:33:14 DEBUG NetworkManager:100 - >> actualizeNaighbours
2014-08-14 10:33:14 DEBUG NetworkManager:135 - << actualizeNaighbours
2014-08-14 10:33:14 DEBUG NetworkManager:84 - >> processEvent
2014-08-14 10:33:14 DEBUG NetworkManager:96 - << processEvent
2014-08-14 10:33:14 DEBUG NetworkManager:100 - >> actualizeNaighbours
2014-08-14 10:33:14 DEBUG NetworkManager:109 - distance = 0.0 radio range: 90.0
2014-08-14 10:33:14 DEBUG NetworkManager:113 - adding edge: [2;1]
2014-08-14 10:33:14 DEBUG NetworkManager:84 - >> processEvent
2014-08-14 10:33:14 DEBUG NetworkManager:96 - << processEvent
2014-08-14 10:33:14 DEBUG NetworkManager:135 - << actualizeNaighbours
2014-08-14 10:33:14 DEBUG NetworkManager:84 - >> processEvent
2014-08-14 10:33:14 DEBUG NetworkManager:96 - << processEvent
2014-08-14 10:33:14 DEBUG NetworkManager:100 - >> actualizeNaighbours
2014-08-14 10:33:14 DEBUG NetworkManager:109 - distance = 2449118.7480614637 radio range: 90.0
2014-08-14 10:33:14 DEBUG NetworkManager:109 - distance = 2449118.7480614637 radio range: 90.0
2014-08-14 10:33:14 DEBUG NetworkManager:135 - << actualizeNaighbours
2014-08-14 10:33:14 DEBUG NetworkManager:84 - >> processEvent
2014-08-14 10:33:14 DEBUG NetworkManager:96 - << processEvent
2014-08-14 10:33:14 DEBUG NetworkManager:100 - >> actualizeNaighbours
2014-08-14 10:33:14 DEBUG NetworkManager:109 - distance = 0.0 radio range: 90.0
2014-08-14 10:33:14 DEBUG NetworkManager:109 - distance = 2449118.7480614637 radio range: 90.0
2014-08-14 10:33:14 DEBUG NetworkManager:135 - << actualizeNaighbours
2014-08-14 10:33:14 DEBUG NetworkManager:100 - >> actualizeNaighbours
2014-08-14 10:33:14 DEBUG NetworkManager:109 - distance = 0.0 radio range: 90.0
2014-08-14 10:33:14 DEBUG NetworkManager:109 - distance = 2449118.7480614637 radio range: 90.0
2014-08-14 10:33:14 DEBUG NetworkManager:135 - << actualizeNaighbours
2014-08-14 10:33:14 DEBUG NetworkManager:100 - >> actualizeNaighbours
2014-08-14 10:33:14 DEBUG NetworkManager:109 - distance = 2449118.7480614637 radio range: 90.0
2014-08-14 10:33:14 DEBUG NetworkManager:109 - distance = 2449118.7480614637 radio range: 90.0
2014-08-14 10:33:14 DEBUG NetworkManager:135 - << actualizeNaighbours
2014-08-14 10:33:14 DEBUG XmlTypeConverter:47 - >>> readPhenomenonValuesFromFile [filePath = D:\_Doktorat\Projekt badawczy\Workspace\SenseSim\SenseSim-logic\target\test-classes\phenomenaValueTest.csv]
2014-08-14 10:33:14 DEBUG XmlTypeConverter:93 - <<<t readPhenomenonValuesFromFile
2014-08-14 10:33:14 DEBUG XMLScenario:98 - >>> getPhenomena()
2014-08-14 10:33:14 DEBUG XMLScenario:101 - Size of phenomena: 1
2014-08-14 10:33:14 DEBUG XmlTypeConverter:47 - >>> readPhenomenonValuesFromFile [filePath = D:\_Doktorat\Projekt badawczy\Workspace\SenseSim\SenseSim-logic\target\test-classes/phenomenaValueTest.csv]
2014-08-14 10:33:14 DEBUG XmlTypeConverter:93 - <<<t readPhenomenonValuesFromFile
2014-08-14 10:33:14 DEBUG XMLScenario:121 - <<< getPhenomena()
2014-08-28 11:10:16 DEBUG NetworkManager:100 - >> actualizeNaighbours
2014-08-28 11:10:16 DEBUG NetworkManager:135 - << actualizeNaighbours
2014-08-28 11:10:16 DEBUG NetworkManager:84 - >> processEvent
2014-08-28 11:10:16 DEBUG NetworkManager:96 - << processEvent
2014-08-28 11:10:16 DEBUG NetworkManager:100 - >> actualizeNaighbours
2014-08-28 11:10:16 DEBUG NetworkManager:109 - distance = 0.0 radio range: 90.0
2014-08-28 11:10:16 DEBUG NetworkManager:113 - adding edge: [2;1]
2014-08-28 11:10:16 DEBUG NetworkManager:84 - >> processEvent
2014-08-28 11:10:16 DEBUG NetworkManager:96 - << processEvent
2014-08-28 11:10:16 DEBUG NetworkManager:135 - << actualizeNaighbours
2014-08-28 11:10:16 DEBUG NetworkManager:84 - >> processEvent
2014-08-28 11:10:16 DEBUG NetworkManager:96 - << processEvent
2014-08-28 11:10:16 DEBUG NetworkManager:100 - >> actualizeNaighbours
2014-08-28 11:10:16 DEBUG NetworkManager:109 - distance = 2449118.7480614637 radio range: 90.0
2014-08-28 11:10:16 DEBUG NetworkManager:109 - distance = 2449118.7480614637 radio range: 90.0
2014-08-28 11:10:16 DEBUG NetworkManager:135 - << actualizeNaighbours
2014-08-28 11:10:16 DEBUG NetworkManager:84 - >> processEvent
2014-08-28 11:10:16 DEBUG NetworkManager:96 - << processEvent
2014-08-28 11:10:16 DEBUG NetworkManager:100 - >> actualizeNaighbours
2014-08-28 11:10:16 DEBUG NetworkManager:109 - distance = 0.0 radio range: 90.0
2014-08-28 11:10:16 DEBUG NetworkManager:109 - distance = 2449118.7480614637 radio range: 90.0
2014-08-28 11:10:16 DEBUG NetworkManager:135 - << actualizeNaighbours
2014-08-28 11:10:16 DEBUG NetworkManager:100 - >> actualizeNaighbours
2014-08-28 11:10:16 DEBUG NetworkManager:109 - distance = 0.0 radio range: 90.0
2014-08-28 11:10:16 DEBUG NetworkManager:109 - distance = 2449118.7480614637 radio range: 90.0
2014-08-28 11:10:16 DEBUG NetworkManager:135 - << actualizeNaighbours
2014-08-28 11:10:16 DEBUG NetworkManager:100 - >> actualizeNaighbours
2014-08-28 11:10:16 DEBUG NetworkManager:109 - distance = 2449118.7480614637 radio range: 90.0
2014-08-28 11:10:16 DEBUG NetworkManager:109 - distance = 2449118.7480614637 radio range: 90.0
2014-08-28 11:10:16 DEBUG NetworkManager:135 - << actualizeNaighbours
2014-08-28 11:10:16 DEBUG XmlTypeConverter:47 - >>> readPhenomenonValuesFromFile [filePath = D:\_Doktorat\Projekt badawczy\Workspace\SenseSim\SenseSim-logic\target\test-classes\phenomenaValueTest.csv]
2014-08-28 11:10:16 DEBUG XmlTypeConverter:93 - <<<t readPhenomenonValuesFromFile
2014-08-28 11:13:38 DEBUG NetworkManager:100 - >> actualizeNaighbours
2014-08-28 11:13:38 DEBUG NetworkManager:135 - << actualizeNaighbours
2014-08-28 11:13:38 DEBUG NetworkManager:84 - >> processEvent
2014-08-28 11:13:38 DEBUG NetworkManager:96 - << processEvent
2014-08-28 11:13:38 DEBUG NetworkManager:100 - >> actualizeNaighbours
2014-08-28 11:13:38 DEBUG NetworkManager:109 - distance = 0.0 radio range: 90.0
2014-08-28 11:13:38 DEBUG NetworkManager:113 - adding edge: [2;1]
2014-08-28 11:13:38 DEBUG NetworkManager:84 - >> processEvent
2014-08-28 11:13:38 DEBUG NetworkManager:96 - << processEvent
2014-08-28 11:13:38 DEBUG NetworkManager:135 - << actualizeNaighbours
2014-08-28 11:13:38 DEBUG NetworkManager:84 - >> processEvent
2014-08-28 11:13:38 DEBUG NetworkManager:96 - << processEvent
2014-08-28 11:13:38 DEBUG NetworkManager:100 - >> actualizeNaighbours
2014-08-28 11:13:38 DEBUG NetworkManager:109 - distance = 2449118.7480614637 radio range: 90.0
2014-08-28 11:13:38 DEBUG NetworkManager:109 - distance = 2449118.7480614637 radio range: 90.0
2014-08-28 11:13:38 DEBUG NetworkManager:135 - << actualizeNaighbours
2014-08-28 11:13:38 DEBUG NetworkManager:84 - >> processEvent
2014-08-28 11:13:38 DEBUG NetworkManager:96 - << processEvent
2014-08-28 11:13:38 DEBUG NetworkManager:100 - >> actualizeNaighbours
2014-08-28 11:13:38 DEBUG NetworkManager:109 - distance = 0.0 radio range: 90.0
2014-08-28 11:13:38 DEBUG NetworkManager:109 - distance = 2449118.7480614637 radio range: 90.0
2014-08-28 11:13:38 DEBUG NetworkManager:135 - << actualizeNaighbours
2014-08-28 11:13:38 DEBUG NetworkManager:100 - >> actualizeNaighbours
2014-08-28 11:13:38 DEBUG NetworkManager:109 - distance = 0.0 radio range: 90.0
2014-08-28 11:13:38 DEBUG NetworkManager:109 - distance = 2449118.7480614637 radio range: 90.0
2014-08-28 11:13:38 DEBUG NetworkManager:135 - << actualizeNaighbours
2014-08-28 11:13:38 DEBUG NetworkManager:100 - >> actualizeNaighbours
2014-08-28 11:13:38 DEBUG NetworkManager:109 - distance = 2449118.7480614637 radio range: 90.0
2014-08-28 11:13:38 DEBUG NetworkManager:109 - distance = 2449118.7480614637 radio range: 90.0
2014-08-28 11:13:38 DEBUG NetworkManager:135 - << actualizeNaighbours
2014-08-28 11:13:38 DEBUG XmlTypeConverter:47 - >>> readPhenomenonValuesFromFile [filePath = D:\_Doktorat\Projekt badawczy\Workspace\SenseSim\SenseSim-logic\target\test-classes\phenomenaValueTest.csv]
2014-08-28 11:13:38 DEBUG XmlTypeConverter:93 - <<<t readPhenomenonValuesFromFile
2014-08-28 11:14:44 DEBUG NetworkManager:100 - >> actualizeNaighbours
2014-08-28 11:14:44 DEBUG NetworkManager:135 - << actualizeNaighbours
2014-08-28 11:14:44 DEBUG NetworkManager:84 - >> processEvent
2014-08-28 11:14:44 DEBUG NetworkManager:96 - << processEvent
2014-08-28 11:14:44 DEBUG NetworkManager:100 - >> actualizeNaighbours
2014-08-28 11:14:44 DEBUG NetworkManager:109 - distance = 0.0 radio range: 90.0
2014-08-28 11:14:44 DEBUG NetworkManager:113 - adding edge: [2;1]
2014-08-28 11:14:44 DEBUG NetworkManager:84 - >> processEvent
2014-08-28 11:14:44 DEBUG NetworkManager:96 - << processEvent
2014-08-28 11:14:44 DEBUG NetworkManager:135 - << actualizeNaighbours
2014-08-28 11:14:44 DEBUG NetworkManager:84 - >> processEvent
2014-08-28 11:14:44 DEBUG NetworkManager:96 - << processEvent
2014-08-28 11:14:44 DEBUG NetworkManager:100 - >> actualizeNaighbours
2014-08-28 11:14:44 DEBUG NetworkManager:109 - distance = 2449118.7480614637 radio range: 90.0
2014-08-28 11:14:44 DEBUG NetworkManager:109 - distance = 2449118.7480614637 radio range: 90.0
2014-08-28 11:14:44 DEBUG NetworkManager:135 - << actualizeNaighbours
2014-08-28 11:14:44 DEBUG NetworkManager:84 - >> processEvent
2014-08-28 11:14:44 DEBUG NetworkManager:96 - << processEvent
2014-08-28 11:14:44 DEBUG NetworkManager:100 - >> actualizeNaighbours
2014-08-28 11:14:44 DEBUG NetworkManager:109 - distance = 0.0 radio range: 90.0
2014-08-28 11:14:44 DEBUG NetworkManager:109 - distance = 2449118.7480614637 radio range: 90.0
2014-08-28 11:14:44 DEBUG NetworkManager:135 - << actualizeNaighbours
2014-08-28 11:14:44 DEBUG NetworkManager:100 - >> actualizeNaighbours
2014-08-28 11:14:44 DEBUG NetworkManager:109 - distance = 0.0 radio range: 90.0
2014-08-28 11:14:44 DEBUG NetworkManager:109 - distance = 2449118.7480614637 radio range: 90.0
2014-08-28 11:14:44 DEBUG NetworkManager:135 - << actualizeNaighbours
2014-08-28 11:14:44 DEBUG NetworkManager:100 - >> actualizeNaighbours
2014-08-28 11:14:44 DEBUG NetworkManager:109 - distance = 2449118.7480614637 radio range: 90.0
2014-08-28 11:14:44 DEBUG NetworkManager:109 - distance = 2449118.7480614637 radio range: 90.0
2014-08-28 11:14:44 DEBUG NetworkManager:135 - << actualizeNaighbours
2014-08-28 11:14:44 DEBUG XmlTypeConverter:47 - >>> readPhenomenonValuesFromFile [filePath = D:\_Doktorat\Projekt badawczy\Workspace\SenseSim\SenseSim-logic\target\test-classes\phenomenaValueTest.csv]
2014-08-28 11:14:44 DEBUG XmlTypeConverter:93 - <<<t readPhenomenonValuesFromFile
2014-08-28 11:16:26 DEBUG XMLScenario:98 - >>> getPhenomena()
2014-08-28 11:16:26 DEBUG XMLScenario:101 - Size of phenomena: 1
2014-08-28 11:16:26 DEBUG XmlTypeConverter:47 - >>> readPhenomenonValuesFromFile [filePath = D:\_Doktorat\Projekt badawczy\Workspace\SenseSim\SenseSim-logic\target\test-classes/phenomenaValueTest.csv]
2014-08-28 11:16:26 DEBUG XmlTypeConverter:93 - <<<t readPhenomenonValuesFromFile
2014-08-28 11:16:26 DEBUG XMLScenario:121 - <<< getPhenomena()
2014-08-28 11:16:47 DEBUG NetworkManager:100 - >> actualizeNaighbours
2014-08-28 11:16:47 DEBUG NetworkManager:135 - << actualizeNaighbours
2014-08-28 11:16:47 DEBUG NetworkManager:84 - >> processEvent
2014-08-28 11:16:47 DEBUG NetworkManager:96 - << processEvent
2014-08-28 11:16:47 DEBUG NetworkManager:100 - >> actualizeNaighbours
2014-08-28 11:16:47 DEBUG NetworkManager:109 - distance = 0.0 radio range: 90.0
2014-08-28 11:16:47 DEBUG NetworkManager:113 - adding edge: [2;1]
2014-08-28 11:16:47 DEBUG NetworkManager:84 - >> processEvent
2014-08-28 11:16:47 DEBUG NetworkManager:96 - << processEvent
2014-08-28 11:16:47 DEBUG NetworkManager:135 - << actualizeNaighbours
2014-08-28 11:16:47 DEBUG NetworkManager:84 - >> processEvent
2014-08-28 11:16:47 DEBUG NetworkManager:96 - << processEvent
2014-08-28 11:16:47 DEBUG NetworkManager:100 - >> actualizeNaighbours
2014-08-28 11:16:47 DEBUG NetworkManager:109 - distance = 2449118.7480614637 radio range: 90.0
2014-08-28 11:16:47 DEBUG NetworkManager:109 - distance = 2449118.7480614637 radio range: 90.0
2014-08-28 11:16:47 DEBUG NetworkManager:135 - << actualizeNaighbours
2014-08-28 11:16:47 DEBUG NetworkManager:84 - >> processEvent
2014-08-28 11:16:47 DEBUG NetworkManager:96 - << processEvent
2014-08-28 11:16:47 DEBUG NetworkManager:100 - >> actualizeNaighbours
2014-08-28 11:16:47 DEBUG NetworkManager:109 - distance = 0.0 radio range: 90.0
2014-08-28 11:16:47 DEBUG NetworkManager:109 - distance = 2449118.7480614637 radio range: 90.0
2014-08-28 11:16:47 DEBUG NetworkManager:135 - << actualizeNaighbours
2014-08-28 11:16:47 DEBUG NetworkManager:100 - >> actualizeNaighbours
2014-08-28 11:16:47 DEBUG NetworkManager:109 - distance = 0.0 radio range: 90.0
2014-08-28 11:16:47 DEBUG NetworkManager:109 - distance = 2449118.7480614637 radio range: 90.0
2014-08-28 11:16:47 DEBUG NetworkManager:135 - << actualizeNaighbours
2014-08-28 11:16:47 DEBUG NetworkManager:100 - >> actualizeNaighbours
2014-08-28 11:16:47 DEBUG NetworkManager:109 - distance = 2449118.7480614637 radio range: 90.0
2014-08-28 11:16:47 DEBUG NetworkManager:109 - distance = 2449118.7480614637 radio range: 90.0
2014-08-28 11:16:47 DEBUG NetworkManager:135 - << actualizeNaighbours
2014-08-28 11:16:47 DEBUG XmlTypeConverter:47 - >>> readPhenomenonValuesFromFile [filePath = D:\_Doktorat\Projekt badawczy\Workspace\SenseSim\SenseSim-logic\target\test-classes\phenomenaValueTest.csv]
2014-08-28 11:16:47 DEBUG XmlTypeConverter:93 - <<<t readPhenomenonValuesFromFile
2014-08-28 11:16:47 DEBUG XMLScenario:98 - >>> getPhenomena()
2014-08-28 11:16:47 DEBUG XMLScenario:101 - Size of phenomena: 1
2014-08-28 11:16:47 DEBUG XmlTypeConverter:47 - >>> readPhenomenonValuesFromFile [filePath = D:\_Doktorat\Projekt badawczy\Workspace\SenseSim\SenseSim-logic\target\test-classes/phenomenaValueTest.csv]
2014-08-28 11:16:47 DEBUG XmlTypeConverter:93 - <<<t readPhenomenonValuesFromFile
2014-08-28 11:16:47 DEBUG XMLScenario:121 - <<< getPhenomena()
2014-08-28 11:25:59 DEBUG NetworkManager:100 - >> actualizeNaighbours
2014-08-28 11:25:59 DEBUG NetworkManager:135 - << actualizeNaighbours
2014-08-28 11:25:59 DEBUG NetworkManager:84 - >> processEvent
2014-08-28 11:25:59 DEBUG NetworkManager:96 - << processEvent
2014-08-28 11:25:59 DEBUG NetworkManager:100 - >> actualizeNaighbours
2014-08-28 11:25:59 DEBUG NetworkManager:109 - distance = 0.0 radio range: 90.0
2014-08-28 11:25:59 DEBUG NetworkManager:113 - adding edge: [2;1]
2014-08-28 11:25:59 DEBUG NetworkManager:84 - >> processEvent
2014-08-28 11:25:59 DEBUG NetworkManager:96 - << processEvent
2014-08-28 11:25:59 DEBUG NetworkManager:135 - << actualizeNaighbours
2014-08-28 11:25:59 DEBUG NetworkManager:84 - >> processEvent
2014-08-28 11:25:59 DEBUG NetworkManager:96 - << processEvent
2014-08-28 11:25:59 DEBUG NetworkManager:100 - >> actualizeNaighbours
2014-08-28 11:25:59 DEBUG NetworkManager:109 - distance = 2449118.7480614637 radio range: 90.0
2014-08-28 11:25:59 DEBUG NetworkManager:109 - distance = 2449118.7480614637 radio range: 90.0
2014-08-28 11:25:59 DEBUG NetworkManager:135 - << actualizeNaighbours
2014-08-28 11:25:59 DEBUG NetworkManager:84 - >> processEvent
2014-08-28 11:25:59 DEBUG NetworkManager:96 - << processEvent
2014-08-28 11:25:59 DEBUG NetworkManager:100 - >> actualizeNaighbours
2014-08-28 11:25:59 DEBUG NetworkManager:109 - distance = 0.0 radio range: 90.0
2014-08-28 11:25:59 DEBUG NetworkManager:109 - distance = 2449118.7480614637 radio range: 90.0
2014-08-28 11:25:59 DEBUG NetworkManager:135 - << actualizeNaighbours
2014-08-28 11:25:59 DEBUG NetworkManager:100 - >> actualizeNaighbours
2014-08-28 11:25:59 DEBUG NetworkManager:109 - distance = 0.0 radio range: 90.0
2014-08-28 11:25:59 DEBUG NetworkManager:109 - distance = 2449118.7480614637 radio range: 90.0
2014-08-28 11:25:59 DEBUG NetworkManager:135 - << actualizeNaighbours
2014-08-28 11:25:59 DEBUG NetworkManager:100 - >> actualizeNaighbours
2014-08-28 11:25:59 DEBUG NetworkManager:109 - distance = 2449118.7480614637 radio range: 90.0
2014-08-28 11:25:59 DEBUG NetworkManager:109 - distance = 2449118.7480614637 radio range: 90.0
2014-08-28 11:25:59 DEBUG NetworkManager:135 - << actualizeNaighbours
2014-08-28 11:25:59 DEBUG XmlTypeConverter:47 - >>> readPhenomenonValuesFromFile [filePath = D:\_Doktorat\Projekt badawczy\Workspace\SenseSim\SenseSim-logic\target\test-classes\phenomenaValueTest.csv]
2014-08-28 11:25:59 DEBUG XmlTypeConverter:93 - <<<t readPhenomenonValuesFromFile
2014-08-28 11:25:59 DEBUG XMLScenario:98 - >>> getPhenomena()
2014-08-28 11:25:59 DEBUG XMLScenario:101 - Size of phenomena: 1
2014-08-28 11:25:59 DEBUG XmlTypeConverter:47 - >>> readPhenomenonValuesFromFile [filePath = D:\_Doktorat\Projekt badawczy\Workspace\SenseSim\SenseSim-logic\target\test-classes/phenomenaValueTest.csv]
2014-08-28 11:25:59 DEBUG XmlTypeConverter:93 - <<<t readPhenomenonValuesFromFile
2014-08-28 11:25:59 DEBUG XMLScenario:121 - <<< getPhenomena()
2014-08-28 11:30:16 DEBUG NetworkManager:100 - >> actualizeNaighbours
2014-08-28 11:30:16 DEBUG NetworkManager:135 - << actualizeNaighbours
2014-08-28 11:30:16 DEBUG NetworkManager:84 - >> processEvent
2014-08-28 11:30:16 DEBUG NetworkManager:96 - << processEvent
2014-08-28 11:30:16 DEBUG NetworkManager:100 - >> actualizeNaighbours
2014-08-28 11:30:16 DEBUG NetworkManager:109 - distance = 0.0 radio range: 90.0
2014-08-28 11:30:16 DEBUG NetworkManager:113 - adding edge: [2;1]
2014-08-28 11:30:16 DEBUG NetworkManager:84 - >> processEvent
2014-08-28 11:30:16 DEBUG NetworkManager:96 - << processEvent
2014-08-28 11:30:16 DEBUG NetworkManager:135 - << actualizeNaighbours
2014-08-28 11:30:16 DEBUG NetworkManager:84 - >> processEvent
2014-08-28 11:30:16 DEBUG NetworkManager:96 - << processEvent
2014-08-28 11:30:16 DEBUG NetworkManager:100 - >> actualizeNaighbours
2014-08-28 11:30:16 DEBUG NetworkManager:109 - distance = 2449118.7480614637 radio range: 90.0
2014-08-28 11:30:16 DEBUG NetworkManager:109 - distance = 2449118.7480614637 radio range: 90.0
2014-08-28 11:30:16 DEBUG NetworkManager:135 - << actualizeNaighbours
2014-08-28 11:30:16 DEBUG NetworkManager:84 - >> processEvent
2014-08-28 11:30:16 DEBUG NetworkManager:96 - << processEvent
2014-08-28 11:30:16 DEBUG NetworkManager:100 - >> actualizeNaighbours
2014-08-28 11:30:16 DEBUG NetworkManager:109 - distance = 0.0 radio range: 90.0
2014-08-28 11:30:16 DEBUG NetworkManager:109 - distance = 2449118.7480614637 radio range: 90.0
2014-08-28 11:30:16 DEBUG NetworkManager:135 - << actualizeNaighbours
2014-08-28 11:30:16 DEBUG NetworkManager:100 - >> actualizeNaighbours
2014-08-28 11:30:16 DEBUG NetworkManager:109 - distance = 0.0 radio range: 90.0
2014-08-28 11:30:16 DEBUG NetworkManager:109 - distance = 2449118.7480614637 radio range: 90.0
2014-08-28 11:30:16 DEBUG NetworkManager:135 - << actualizeNaighbours
2014-08-28 11:30:16 DEBUG NetworkManager:100 - >> actualizeNaighbours
2014-08-28 11:30:16 DEBUG NetworkManager:109 - distance = 2449118.7480614637 radio range: 90.0
2014-08-28 11:30:16 DEBUG NetworkManager:109 - distance = 2449118.7480614637 radio range: 90.0
2014-08-28 11:30:16 DEBUG NetworkManager:135 - << actualizeNaighbours
2014-08-28 11:30:16 DEBUG XmlTypeConverter:47 - >>> readPhenomenonValuesFromFile [filePath = D:\_Doktorat\Projekt badawczy\Workspace\SenseSim\SenseSim-logic\target\test-classes\phenomenaValueTest.csv]
2014-08-28 11:30:16 DEBUG XmlTypeConverter:93 - <<<t readPhenomenonValuesFromFile
2014-08-28 11:30:17 DEBUG XMLScenario:98 - >>> getPhenomena()
2014-08-28 11:30:17 DEBUG XMLScenario:101 - Size of phenomena: 1
2014-08-28 11:30:17 DEBUG XmlTypeConverter:47 - >>> readPhenomenonValuesFromFile [filePath = D:\_Doktorat\Projekt badawczy\Workspace\SenseSim\SenseSim-logic\target\test-classes/phenomenaValueTest.csv]
2014-08-28 11:30:17 DEBUG XmlTypeConverter:93 - <<<t readPhenomenonValuesFromFile
2014-08-28 11:30:17 DEBUG XMLScenario:121 - <<< getPhenomena()
2014-08-28 11:32:11 DEBUG NetworkManager:100 - >> actualizeNaighbours
2014-08-28 11:32:11 DEBUG NetworkManager:135 - << actualizeNaighbours
2014-08-28 11:32:11 DEBUG NetworkManager:84 - >> processEvent
2014-08-28 11:32:11 DEBUG NetworkManager:96 - << processEvent
2014-08-28 11:32:11 DEBUG NetworkManager:100 - >> actualizeNaighbours
2014-08-28 11:32:11 DEBUG NetworkManager:109 - distance = 0.0 radio range: 90.0
2014-08-28 11:32:11 DEBUG NetworkManager:113 - adding edge: [2;1]
2014-08-28 11:32:11 DEBUG NetworkManager:84 - >> processEvent
2014-08-28 11:32:11 DEBUG NetworkManager:96 - << processEvent
2014-08-28 11:32:11 DEBUG NetworkManager:135 - << actualizeNaighbours
2014-08-28 11:32:11 DEBUG NetworkManager:84 - >> processEvent
2014-08-28 11:32:11 DEBUG NetworkManager:96 - << processEvent
2014-08-28 11:32:11 DEBUG NetworkManager:100 - >> actualizeNaighbours
2014-08-28 11:32:11 DEBUG NetworkManager:109 - distance = 2449118.7480614637 radio range: 90.0
2014-08-28 11:32:11 DEBUG NetworkManager:109 - distance = 2449118.7480614637 radio range: 90.0
2014-08-28 11:32:11 DEBUG NetworkManager:135 - << actualizeNaighbours
2014-08-28 11:32:11 DEBUG NetworkManager:84 - >> processEvent
2014-08-28 11:32:11 DEBUG NetworkManager:96 - << processEvent
2014-08-28 11:32:11 DEBUG NetworkManager:100 - >> actualizeNaighbours
2014-08-28 11:32:11 DEBUG NetworkManager:109 - distance = 0.0 radio range: 90.0
2014-08-28 11:32:11 DEBUG NetworkManager:109 - distance = 2449118.7480614637 radio range: 90.0
2014-08-28 11:32:11 DEBUG NetworkManager:135 - << actualizeNaighbours
2014-08-28 11:32:11 DEBUG NetworkManager:100 - >> actualizeNaighbours
2014-08-28 11:32:11 DEBUG NetworkManager:109 - distance = 0.0 radio range: 90.0
2014-08-28 11:32:11 DEBUG NetworkManager:109 - distance = 2449118.7480614637 radio range: 90.0
2014-08-28 11:32:11 DEBUG NetworkManager:135 - << actualizeNaighbours
2014-08-28 11:32:11 DEBUG NetworkManager:100 - >> actualizeNaighbours
2014-08-28 11:32:11 DEBUG NetworkManager:109 - distance = 2449118.7480614637 radio range: 90.0
2014-08-28 11:32:11 DEBUG NetworkManager:109 - distance = 2449118.7480614637 radio range: 90.0
2014-08-28 11:32:11 DEBUG NetworkManager:135 - << actualizeNaighbours
2014-08-28 11:32:11 DEBUG XmlTypeConverter:47 - >>> readPhenomenonValuesFromFile [filePath = D:\_Doktorat\Projekt badawczy\Workspace\SenseSim\SenseSim-logic\target\test-classes\phenomenaValueTest.csv]
2014-08-28 11:32:11 DEBUG XmlTypeConverter:93 - <<<t readPhenomenonValuesFromFile
2014-08-28 11:32:11 DEBUG XMLScenario:98 - >>> getPhenomena()
2014-08-28 11:32:11 DEBUG XMLScenario:101 - Size of phenomena: 1
2014-08-28 11:32:11 DEBUG XmlTypeConverter:47 - >>> readPhenomenonValuesFromFile [filePath = D:\_Doktorat\Projekt badawczy\Workspace\SenseSim\SenseSim-logic\target\test-classes/phenomenaValueTest.csv]
2014-08-28 11:32:11 DEBUG XmlTypeConverter:93 - <<<t readPhenomenonValuesFromFile
2014-08-28 11:32:11 DEBUG XMLScenario:121 - <<< getPhenomena()
2014-08-28 11:32:55 DEBUG NetworkManager:100 - >> actualizeNaighbours
2014-08-28 11:32:55 DEBUG NetworkManager:135 - << actualizeNaighbours
2014-08-28 11:32:55 DEBUG NetworkManager:84 - >> processEvent
2014-08-28 11:32:55 DEBUG NetworkManager:96 - << processEvent
2014-08-28 11:32:55 DEBUG NetworkManager:100 - >> actualizeNaighbours
2014-08-28 11:32:55 DEBUG NetworkManager:109 - distance = 0.0 radio range: 90.0
2014-08-28 11:32:55 DEBUG NetworkManager:113 - adding edge: [2;1]
2014-08-28 11:32:55 DEBUG NetworkManager:84 - >> processEvent
2014-08-28 11:32:55 DEBUG NetworkManager:96 - << processEvent
2014-08-28 11:32:55 DEBUG NetworkManager:135 - << actualizeNaighbours
2014-08-28 11:32:55 DEBUG NetworkManager:84 - >> processEvent
2014-08-28 11:32:55 DEBUG NetworkManager:96 - << processEvent
2014-08-28 11:32:55 DEBUG NetworkManager:100 - >> actualizeNaighbours
2014-08-28 11:32:55 DEBUG NetworkManager:109 - distance = 2449118.7480614637 radio range: 90.0
2014-08-28 11:32:55 DEBUG NetworkManager:109 - distance = 2449118.7480614637 radio range: 90.0
2014-08-28 11:32:55 DEBUG NetworkManager:135 - << actualizeNaighbours
2014-08-28 11:32:55 DEBUG NetworkManager:84 - >> processEvent
2014-08-28 11:32:55 DEBUG NetworkManager:96 - << processEvent
2014-08-28 11:32:55 DEBUG NetworkManager:100 - >> actualizeNaighbours
2014-08-28 11:32:55 DEBUG NetworkManager:109 - distance = 0.0 radio range: 90.0
2014-08-28 11:32:55 DEBUG NetworkManager:109 - distance = 2449118.7480614637 radio range: 90.0
2014-08-28 11:32:55 DEBUG NetworkManager:135 - << actualizeNaighbours
2014-08-28 11:32:55 DEBUG NetworkManager:100 - >> actualizeNaighbours
2014-08-28 11:32:55 DEBUG NetworkManager:109 - distance = 0.0 radio range: 90.0
2014-08-28 11:32:55 DEBUG NetworkManager:109 - distance = 2449118.7480614637 radio range: 90.0
2014-08-28 11:32:55 DEBUG NetworkManager:135 - << actualizeNaighbours
2014-08-28 11:32:55 DEBUG NetworkManager:100 - >> actualizeNaighbours
2014-08-28 11:32:55 DEBUG NetworkManager:109 - distance = 2449118.7480614637 radio range: 90.0
2014-08-28 11:32:55 DEBUG NetworkManager:109 - distance = 2449118.7480614637 radio range: 90.0
2014-08-28 11:32:55 DEBUG NetworkManager:135 - << actualizeNaighbours
2014-08-28 11:32:55 DEBUG XmlTypeConverter:47 - >>> readPhenomenonValuesFromFile [filePath = D:\_Doktorat\Projekt badawczy\Workspace\SenseSim\SenseSim-logic\target\test-classes\phenomenaValueTest.csv]
2014-08-28 11:32:55 DEBUG XmlTypeConverter:93 - <<<t readPhenomenonValuesFromFile
2014-08-28 11:32:55 DEBUG XMLScenario:98 - >>> getPhenomena()
2014-08-28 11:32:55 DEBUG XMLScenario:101 - Size of phenomena: 1
2014-08-28 11:32:55 DEBUG XmlTypeConverter:47 - >>> readPhenomenonValuesFromFile [filePath = D:\_Doktorat\Projekt badawczy\Workspace\SenseSim\SenseSim-logic\target\test-classes/phenomenaValueTest.csv]
2014-08-28 11:32:55 DEBUG XmlTypeConverter:93 - <<<t readPhenomenonValuesFromFile
2014-08-28 11:32:55 DEBUG XMLScenario:121 - <<< getPhenomena()
2014-09-15 10:43:32 DEBUG NetworkManager:100 - >> actualizeNaighbours
2014-09-15 10:43:32 DEBUG NetworkManager:135 - << actualizeNaighbours
2014-09-15 10:43:32 DEBUG NetworkManager:84 - >> processEvent
2014-09-15 10:43:32 DEBUG NetworkManager:96 - << processEvent
2014-09-15 10:43:32 DEBUG NetworkManager:100 - >> actualizeNaighbours
2014-09-15 10:43:32 DEBUG NetworkManager:109 - distance = 0.0 radio range: 90.0
2014-09-15 10:43:32 DEBUG NetworkManager:113 - adding edge: [2;1]
2014-09-15 10:43:32 DEBUG NetworkManager:84 - >> processEvent
2014-09-15 10:43:32 DEBUG NetworkManager:96 - << processEvent
2014-09-15 10:43:32 DEBUG NetworkManager:135 - << actualizeNaighbours
2014-09-15 10:43:32 DEBUG NetworkManager:84 - >> processEvent
2014-09-15 10:43:32 DEBUG NetworkManager:96 - << processEvent
2014-09-15 10:43:32 DEBUG NetworkManager:100 - >> actualizeNaighbours
2014-09-15 10:43:32 DEBUG NetworkManager:109 - distance = 2449118.7480614637 radio range: 90.0
2014-09-15 10:43:32 DEBUG NetworkManager:109 - distance = 2449118.7480614637 radio range: 90.0
2014-09-15 10:43:32 DEBUG NetworkManager:135 - << actualizeNaighbours
2014-09-15 10:43:32 DEBUG NetworkManager:84 - >> processEvent
2014-09-15 10:43:32 DEBUG NetworkManager:96 - << processEvent
2014-09-15 10:43:32 DEBUG NetworkManager:100 - >> actualizeNaighbours
2014-09-15 10:43:32 DEBUG NetworkManager:109 - distance = 0.0 radio range: 90.0
2014-09-15 10:43:32 DEBUG NetworkManager:109 - distance = 2449118.7480614637 radio range: 90.0
2014-09-15 10:43:32 DEBUG NetworkManager:135 - << actualizeNaighbours
2014-09-15 10:43:32 DEBUG NetworkManager:100 - >> actualizeNaighbours
2014-09-15 10:43:32 DEBUG NetworkManager:109 - distance = 0.0 radio range: 90.0
2014-09-15 10:43:32 DEBUG NetworkManager:109 - distance = 2449118.7480614637 radio range: 90.0
2014-09-15 10:43:32 DEBUG NetworkManager:135 - << actualizeNaighbours
2014-09-15 10:43:32 DEBUG NetworkManager:100 - >> actualizeNaighbours
2014-09-15 10:43:32 DEBUG NetworkManager:109 - distance = 2449118.7480614637 radio range: 90.0
2014-09-15 10:43:32 DEBUG NetworkManager:109 - distance = 2449118.7480614637 radio range: 90.0
2014-09-15 10:43:32 DEBUG NetworkManager:135 - << actualizeNaighbours
2014-09-15 10:43:32 DEBUG XmlTypeConverter:47 - >>> readPhenomenonValuesFromFile [filePath = D:\_Doktorat\Projekt badawczy\Workspace\SenseSim\SenseSim-logic\target\test-classes\phenomenaValueTest.csv]
2014-09-15 10:43:32 DEBUG XmlTypeConverter:93 - <<<t readPhenomenonValuesFromFile
2014-09-15 10:43:32 DEBUG XMLScenario:97 - >>> getPhenomena()
2014-09-15 10:43:32 DEBUG XMLScenario:100 - Size of phenomena: 1
2014-09-15 10:43:33 DEBUG XmlTypeConverter:47 - >>> readPhenomenonValuesFromFile [filePath = D:\_Doktorat\Projekt badawczy\Workspace\SenseSim\SenseSim-logic\target\test-classes/phenomenaValueTest.csv]
2014-09-15 10:43:33 DEBUG XmlTypeConverter:93 - <<<t readPhenomenonValuesFromFile
2014-09-15 10:43:33 DEBUG XMLScenario:120 - <<< getPhenomena()
2014-09-15 10:48:13 DEBUG XMLScenario:97 - >>> getPhenomena()
2014-09-15 10:48:13 DEBUG XMLScenario:100 - Size of phenomena: 1
2014-09-15 10:48:13 DEBUG XmlTypeConverter:47 - >>> readPhenomenonValuesFromFile [filePath = D:\_Doktorat\Projekt badawczy\Workspace\SenseSim\SenseSim-logic\target\test-classes/phenomenaValueTest.csv]
2014-09-15 10:48:13 DEBUG XmlTypeConverter:93 - <<<t readPhenomenonValuesFromFile
2014-09-15 10:48:13 DEBUG XMLScenario:120 - <<< getPhenomena()
2014-09-15 10:48:23 DEBUG XMLScenario:97 - >>> getPhenomena()
2014-09-15 10:48:23 DEBUG XMLScenario:100 - Size of phenomena: 1
2014-09-15 10:48:23 DEBUG XmlTypeConverter:47 - >>> readPhenomenonValuesFromFile [filePath = D:\_Doktorat\Projekt badawczy\Workspace\SenseSim\SenseSim-logic\target\test-classes/phenomenaValueTest.csv]
2014-09-15 10:48:23 DEBUG XmlTypeConverter:93 - <<<t readPhenomenonValuesFromFile
2014-09-15 10:48:23 DEBUG XMLScenario:120 - <<< getPhenomena()
